#
# There is insufficient memory for the Java Runtime Environment to continue.
# Native memory allocation (malloc) failed to allocate 8256 bytes. Error detail: AllocateHeap
# Possible reasons:
#   The system is out of physical RAM or swap space
#   This process is running with CompressedOops enabled, and the Java Heap may be blocking the growth of the native heap
# Possible solutions:
#   Reduce memory load on the system
#   Increase physical memory or swap space
#   Check if swap backing store is full
#   Decrease Java heap size (-Xmx/-Xms)
#   Decrease number of Java threads
#   Decrease Java thread stack sizes (-Xss)
#   Set larger code cache with -XX:ReservedCodeCacheSize=
#   JVM is running with Unscaled Compressed Oops mode in which the Java heap is
#     placed in the first 4GB address space. The Java Heap base address is the
#     maximum limit for the native heap growth. Please use -XX:HeapBaseMinAddress
#     to set the Java Heap base and to place the Java Heap above 4GB virtual address.
# This output file may be truncated or incomplete.
#
#  Out of Memory Error (allocation.cpp:44), pid=12180, tid=4540
#
# JRE version: OpenJDK Runtime Environment Temurin-21.0.9+10 (21.0.9+10) (build 21.0.9+10-LTS)
# Java VM: OpenJDK 64-Bit Server VM Temurin-21.0.9+10 (21.0.9+10-LTS, mixed mode, sharing, tiered, compressed oops, compressed class ptrs, parallel gc, windows-amd64)
# No core dump will be written. Minidumps are not enabled by default on client versions of Windows
#

---------------  S U M M A R Y ------------

Command Line: --add-modules=ALL-SYSTEM --add-opens=java.base/java.util=ALL-UNNAMED --add-opens=java.base/java.lang=ALL-UNNAMED --add-opens=java.base/sun.nio.fs=ALL-UNNAMED -Declipse.application=org.eclipse.jdt.ls.core.id1 -Dosgi.bundles.defaultStartLevel=4 -Declipse.product=org.eclipse.jdt.ls.core.product -Djava.import.generatesMetadataFilesAtProjectRoot=false -DDetectVMInstallationsJob.disabled=true -Dfile.encoding=utf8 -XX:+UseParallelGC -XX:GCTimeRatio=4 -XX:AdaptiveSizePolicyWeight=90 -Dsun.zip.disableMemoryMapping=true -Xmx2G -Xms100m -Xlog:disable -javaagent:c:\Users\JUNAID LAPTOP\.vscode\extensions\redhat.java-1.50.0-win32-x64\lombok\lombok-1.18.39-4050.jar -XX:+HeapDumpOnOutOfMemoryError -XX:HeapDumpPath=c:\Users\JUNAID LAPTOP\AppData\Roaming\Code\User\workspaceStorage\52e0d409e2861fc0da9159cd0167b7cf\redhat.java -Daether.dependencyCollector.impl=bf c:\Users\JUNAID LAPTOP\.vscode\extensions\redhat.java-1.50.0-win32-x64\server\plugins\org.eclipse.equinox.launcher_1.7.100.v20251111-0406.jar -configuration c:\Users\JUNAID LAPTOP\AppData\Roaming\Code\User\globalStorage\redhat.java\1.50.0\config_win -data c:\Users\JUNAID LAPTOP\AppData\Roaming\Code\User\workspaceStorage\52e0d409e2861fc0da9159cd0167b7cf\redhat.java\jdt_ws --pipe=\\.\pipe\lsp-cf3b4499a39b11f5cbdb6aa58224ea18-sock

Host: Intel(R) Core(TM) i3-5005U CPU @ 2.00GHz, 4 cores, 7G,  Windows 10 , 64 bit Build 19041 (10.0.19041.5915)
Time: Thu Nov 27 20:24:32 2025 Pakistan Standard Time elapsed time: 0.349526 seconds (0d 0h 0m 0s)

---------------  T H R E A D  ---------------

Current thread (0x000001ab33a81580):  JavaThread "main"             [_thread_in_vm, id=4540, stack(0x000000182a700000,0x000000182a800000) (1024K)]

Stack: [0x000000182a700000,0x000000182a800000]
Native frames: (J=compiled Java code, j=interpreted, Vv=VM code, C=native code)
V  [jvm.dll+0x6d6e29]
V  [jvm.dll+0x8b4b76]
V  [jvm.dll+0x8b712e]
V  [jvm.dll+0x8b7813]
V  [jvm.dll+0x283d86]
V  [jvm.dll+0xc1147]
V  [jvm.dll+0x861a29]
V  [jvm.dll+0x862377]
V  [jvm.dll+0x861e9d]
V  [jvm.dll+0x866dff]
V  [jvm.dll+0x3f84f3]
V  [jvm.dll+0x25bb66]
V  [jvm.dll+0x25a9b0]
V  [jvm.dll+0x258688]
V  [jvm.dll+0x8675f0]
V  [jvm.dll+0x457391]
V  [jvm.dll+0x458f81]
C  [jli.dll+0x52d0]
C  [ucrtbase.dll+0x21bb2]
C  [KERNEL32.DLL+0x17374]
C  [ntdll.dll+0x4cc91]


---------------  P R O C E S S  ---------------

Threads class SMR info:
_java_thread_list=0x000001ab339dc4f0, length=9, elements={
0x000001ab33a81580, 0x000001ab339691b0, 0x000001ab3396a7f0, 0x000001ab339700b0,
0x000001ab33970b00, 0x000001ab33971550, 0x000001ab33971fa0, 0x000001ab33972dd0,
0x000001ab339e0320
}
_to_delete_list=0x000001ab3395f410, length=8, elements={
0x000001ab33a81580, 0x000001ab339691b0, 0x000001ab3396a7f0, 0x000001ab339700b0,
0x000001ab33970b00, 0x000001ab33971550, 0x000001ab33971fa0, 0x000001ab33972dd0
}

Java Threads: ( => current thread )
=>0x000001ab33a81580 JavaThread "main"                              [_thread_in_vm, id=4540, stack(0x000000182a700000,0x000000182a800000) (1024K)]
  0x000001ab339691b0 JavaThread "Reference Handler"          daemon [_thread_blocked, id=12992, stack(0x000000182ac00000,0x000000182ad00000) (1024K)]
  0x000001ab3396a7f0 JavaThread "Finalizer"                  daemon [_thread_blocked, id=9672, stack(0x000000182ad00000,0x000000182ae00000) (1024K)]
  0x000001ab339700b0 JavaThread "Signal Dispatcher"          daemon [_thread_blocked, id=2168, stack(0x000000182ae00000,0x000000182af00000) (1024K)]
  0x000001ab33970b00 JavaThread "Attach Listener"            daemon [_thread_blocked, id=10544, stack(0x000000182af00000,0x000000182b000000) (1024K)]
  0x000001ab33971550 JavaThread "Service Thread"             daemon [_thread_blocked, id=11048, stack(0x000000182b000000,0x000000182b100000) (1024K)]
  0x000001ab33971fa0 JavaThread "Monitor Deflation Thread"   daemon [_thread_blocked, id=11408, stack(0x000000182b100000,0x000000182b200000) (1024K)]
  0x000001ab33972dd0 JavaThread "C2 CompilerThread0"         daemon [_thread_blocked, id=14396, stack(0x000000182b200000,0x000000182b300000) (1024K)]
  0x000001ab339e0320 JavaThread "C1 CompilerThread0"         daemon [_thread_new, id=3880, stack(0x0000000000000000,0x0000000000000000) (0B)]
Total: 9

Other Threads:
  0x000001ab33b3d6c0 VMThread "VM Thread"                           [id=2964, stack(0x000000182ab00000,0x000000182ac00000) (1024K)]
  0x000001ab3391c6f0 WatcherThread "VM Periodic Task Thread"        [id=2904, stack(0x000000182aa00000,0x000000182ab00000) (1024K)]
  0x000001ab33a9e5c0 WorkerThread "GC Thread#0"                     [id=1128, stack(0x000000182a900000,0x000000182aa00000) (1024K)]
Total: 3

Threads with active compile tasks:
Total: 0

VM state: not at safepoint (normal execution)

VM Mutex/Monitor currently owned by a thread:  ([mutex/lock_event])
[0x00007ff95e76d570] Threads_lock - owner thread: 0x000001ab33a81580

Heap address: 0x0000000080000000, size: 2048 MB, Compressed Oops mode: 32-bit

CDS archive(s) mapped at: [0x000001ab4b000000-0x000001ab4bba0000-0x000001ab4bba0000), size 12189696, SharedBaseAddress: 0x000001ab4b000000, ArchiveRelocationMode: 1.
Compressed class space mapped at: 0x000001ab4c000000-0x000001ab8c000000, reserved size: 1073741824
Narrow klass base: 0x000001ab4b000000, Narrow klass shift: 0, Narrow klass range: 0x100000000

GC Precious Log:
 CardTable entry size: 512
 CPUs: 4 total, 4 available
 Memory: 7812M
 Large Page Support: Disabled
 NUMA Support: Disabled
 Compressed Oops: Enabled (32-bit)
 Alignments: Space 512K, Generation 512K, Heap 2M
 Heap Min Capacity: 100M
 Heap Initial Capacity: 100M
 Heap Max Capacity: 2G
 Pre-touch: Disabled
 Parallel Workers: 4

Heap:
 PSYoungGen      total 29696K, used 1536K [0x00000000d5580000, 0x00000000d7680000, 0x0000000100000000)
  eden space 25600K, 6% used [0x00000000d5580000,0x00000000d5700110,0x00000000d6e80000)
  from space 4096K, 0% used [0x00000000d7280000,0x00000000d7280000,0x00000000d7680000)
  to   space 4096K, 0% used [0x00000000d6e80000,0x00000000d6e80000,0x00000000d7280000)
 ParOldGen       total 68608K, used 0K [0x0000000080000000, 0x0000000084300000, 0x00000000d5580000)
  object space 68608K, 0% used [0x0000000080000000,0x0000000080000000,0x0000000084300000)
 Metaspace       used 31K, committed 128K, reserved 1114112K
  class space    used 1K, committed 64K, reserved 1048576K

Card table byte_map: [0x000001ab33430000,0x000001ab33840000] _byte_map_base: 0x000001ab33030000

Marking Bits: (ParMarkBitMap*) 0x00007ff95e772460
 Begin Bits: [0x000001ab45f40000, 0x000001ab47f40000)
 End Bits:   [0x000001ab47f40000, 0x000001ab49f40000)

Polling page: 0x000001ab31830000

Metaspace:

Usage:
  Non-class:     29.74 KB used.
      Class:      1.48 KB used.
       Both:     31.22 KB used.

Virtual space:
  Non-class space:       64.00 MB reserved,      64.00 KB ( <1%) committed,  1 nodes.
      Class space:        1.00 GB reserved,      64.00 KB ( <1%) committed,  1 nodes.
             Both:        1.06 GB reserved,     128.00 KB ( <1%) committed. 

Chunk freelists:
   Non-Class:  12.00 MB
       Class:  15.75 MB
        Both:  27.75 MB

MaxMetaspaceSize: unlimited
CompressedClassSpaceSize: 1.00 GB
Initial GC threshold: 21.00 MB
Current GC threshold: 21.00 MB
CDS: on
 - commit_granule_bytes: 65536.
 - commit_granule_words: 8192.
 - virtual_space_node_default_size: 8388608.
 - enlarge_chunks_in_place: 1.
 - use_allocation_guard: 0.


Internal statistics:

num_allocs_failed_limit: 0.
num_arena_births: 2.
num_arena_deaths: 0.
num_vsnodes_births: 2.
num_vsnodes_deaths: 0.
num_space_committed: 2.
num_space_uncommitted: 0.
num_chunks_returned_to_freelist: 0.
num_chunks_taken_from_freelist: 3.
num_chunk_merges: 0.
num_chunk_splits: 2.
num_chunks_enlarged: 0.
num_inconsistent_stats: 0.

CodeHeap 'non-profiled nmethods': size=120000Kb used=0Kb max_used=0Kb free=120000Kb
 bounds [0x000001ab3e760000, 0x000001ab3e9d0000, 0x000001ab45c90000]
CodeHeap 'profiled nmethods': size=120000Kb used=0Kb max_used=0Kb free=120000Kb
 bounds [0x000001ab36c90000, 0x000001ab36f00000, 0x000001ab3e1c0000]
CodeHeap 'non-nmethods': size=5760Kb used=458Kb max_used=472Kb free=5301Kb
 bounds [0x000001ab3e1c0000, 0x000001ab3e430000, 0x000001ab3e760000]
CodeCache: size=245760Kb, used=458Kb, max_used=472Kb, free=245301Kb
 total_blobs=234, nmethods=0, adapters=176, full_count=0
Compilation: enabled, stopped_count=0, restarted_count=0

Compilation events (0 events):
No events

GC Heap History (0 events):
No events

Dll operation events (1 events):
Event: 0.019 Loaded shared library c:\Users\JUNAID LAPTOP\.vscode\extensions\redhat.java-1.50.0-win32-x64\jre\21.0.9-win32-x86_64\bin\java.dll

Deoptimization events (0 events):
No events

Classes loaded (0 events):
No events

Classes unloaded (0 events):
No events

Classes redefined (0 events):
No events

Internal exceptions (0 events):
No events

ZGC Phase Switch (0 events):
No events

VM Operations (0 events):
No events

Memory protections (0 events):
No events

Nmethod flushes (0 events):
No events

Events (8 events):
Event: 0.122 Thread 0x000001ab33a81580 Thread added: 0x000001ab33a81580
Event: 0.306 Thread 0x000001ab33a81580 Thread added: 0x000001ab339691b0
Event: 0.306 Thread 0x000001ab33a81580 Thread added: 0x000001ab3396a7f0
Event: 0.308 Thread 0x000001ab33a81580 Thread added: 0x000001ab339700b0
Event: 0.308 Thread 0x000001ab33a81580 Thread added: 0x000001ab33970b00
Event: 0.308 Thread 0x000001ab33a81580 Thread added: 0x000001ab33971550
Event: 0.308 Thread 0x000001ab33a81580 Thread added: 0x000001ab33971fa0
Event: 0.308 Thread 0x000001ab33a81580 Thread added: 0x000001ab33972dd0


Dynamic libraries:
0x00007ff6b1a50000 - 0x00007ff6b1a5e000 	c:\Users\JUNAID LAPTOP\.vscode\extensions\redhat.java-1.50.0-win32-x64\jre\21.0.9-win32-x86_64\bin\java.exe
0x00007ff9be230000 - 0x00007ff9be428000 	C:\Windows\SYSTEM32\ntdll.dll
0x00007ff9bd470000 - 0x00007ff9bd532000 	C:\Windows\System32\KERNEL32.DLL
0x00007ff9bb8c0000 - 0x00007ff9bbbb6000 	C:\Windows\System32\KERNELBASE.dll
0x00007ff9bbeb0000 - 0x00007ff9bbfb0000 	C:\Windows\System32\ucrtbase.dll
0x00007ff98dcf0000 - 0x00007ff98dd08000 	c:\Users\JUNAID LAPTOP\.vscode\extensions\redhat.java-1.50.0-win32-x64\jre\21.0.9-win32-x86_64\bin\jli.dll
0x00007ff9bde30000 - 0x00007ff9bdfd1000 	C:\Windows\System32\USER32.dll
0x00007ff9bbe80000 - 0x00007ff9bbea2000 	C:\Windows\System32\win32u.dll
0x00007ff9bd850000 - 0x00007ff9bd87b000 	C:\Windows\System32\GDI32.dll
0x00007ff9bbfb0000 - 0x00007ff9bc0c9000 	C:\Windows\System32\gdi32full.dll
0x00007ff9bbc50000 - 0x00007ff9bbced000 	C:\Windows\System32\msvcp_win.dll
0x00007ff98ea10000 - 0x00007ff98ea2e000 	c:\Users\JUNAID LAPTOP\.vscode\extensions\redhat.java-1.50.0-win32-x64\jre\21.0.9-win32-x86_64\bin\VCRUNTIME140.dll
0x00007ff9a09d0000 - 0x00007ff9a0c6b000 	C:\Windows\WinSxS\amd64_microsoft.windows.common-controls_6595b64144ccf1df_6.0.19041.6456_none_60b8a6cb71f64256\COMCTL32.dll
0x00007ff9bc380000 - 0x00007ff9bc41e000 	C:\Windows\System32\msvcrt.dll
0x00007ff9bdfe0000 - 0x00007ff9be00f000 	C:\Windows\System32\IMM32.DLL
0x00007ff9a3fb0000 - 0x00007ff9a3fbc000 	c:\Users\JUNAID LAPTOP\.vscode\extensions\redhat.java-1.50.0-win32-x64\jre\21.0.9-win32-x86_64\bin\vcruntime140_1.dll
0x00007ff96c410000 - 0x00007ff96c49d000 	c:\Users\JUNAID LAPTOP\.vscode\extensions\redhat.java-1.50.0-win32-x64\jre\21.0.9-win32-x86_64\bin\msvcp140.dll
0x00007ff95dab0000 - 0x00007ff95e850000 	c:\Users\JUNAID LAPTOP\.vscode\extensions\redhat.java-1.50.0-win32-x64\jre\21.0.9-win32-x86_64\bin\server\jvm.dll
0x00007ff9bd540000 - 0x00007ff9bd5f1000 	C:\Windows\System32\ADVAPI32.dll
0x00007ff9bd050000 - 0x00007ff9bd0ef000 	C:\Windows\System32\sechost.dll
0x00007ff9be010000 - 0x00007ff9be130000 	C:\Windows\System32\RPCRT4.dll
0x00007ff9bbe50000 - 0x00007ff9bbe77000 	C:\Windows\System32\bcrypt.dll
0x00007ff9bd7e0000 - 0x00007ff9bd84b000 	C:\Windows\System32\WS2_32.dll
0x00007ff9bae50000 - 0x00007ff9bae9b000 	C:\Windows\SYSTEM32\POWRPROF.dll
0x00007ff9b3730000 - 0x00007ff9b3757000 	C:\Windows\SYSTEM32\WINMM.dll
0x00007ff9b1800000 - 0x00007ff9b180a000 	C:\Windows\SYSTEM32\VERSION.dll
0x00007ff9bacc0000 - 0x00007ff9bacd2000 	C:\Windows\SYSTEM32\UMPDC.dll
0x00007ff9b9730000 - 0x00007ff9b9742000 	C:\Windows\SYSTEM32\kernel.appcore.dll
0x00007ff9a3e80000 - 0x00007ff9a3e8a000 	c:\Users\JUNAID LAPTOP\.vscode\extensions\redhat.java-1.50.0-win32-x64\jre\21.0.9-win32-x86_64\bin\jimage.dll
0x00007ff9b7150000 - 0x00007ff9b7351000 	C:\Windows\SYSTEM32\DBGHELP.DLL
0x00007ff9a7720000 - 0x00007ff9a7754000 	C:\Windows\SYSTEM32\dbgcore.DLL
0x00007ff9bbbc0000 - 0x00007ff9bbc42000 	C:\Windows\System32\bcryptPrimitives.dll
0x00007ff9a04c0000 - 0x00007ff9a04cf000 	c:\Users\JUNAID LAPTOP\.vscode\extensions\redhat.java-1.50.0-win32-x64\jre\21.0.9-win32-x86_64\bin\instrument.dll
0x00007ff97e410000 - 0x00007ff97e430000 	c:\Users\JUNAID LAPTOP\.vscode\extensions\redhat.java-1.50.0-win32-x64\jre\21.0.9-win32-x86_64\bin\java.dll
0x00007ff9bc870000 - 0x00007ff9bcfe0000 	C:\Windows\System32\SHELL32.dll
0x00007ff9b9930000 - 0x00007ff9ba0d5000 	C:\Windows\SYSTEM32\windows.storage.dll
0x00007ff9bd110000 - 0x00007ff9bd464000 	C:\Windows\System32\combase.dll
0x00007ff9bb2f0000 - 0x00007ff9bb31b000 	C:\Windows\SYSTEM32\Wldp.dll
0x00007ff9bc5f0000 - 0x00007ff9bc6bd000 	C:\Windows\System32\OLEAUT32.dll
0x00007ff9bc530000 - 0x00007ff9bc5dd000 	C:\Windows\System32\SHCORE.dll
0x00007ff9bd880000 - 0x00007ff9bd8db000 	C:\Windows\System32\shlwapi.dll
0x00007ff9bb7f0000 - 0x00007ff9bb814000 	C:\Windows\SYSTEM32\profapi.dll

JVMTI agents:
c:\Users\JUNAID LAPTOP\.vscode\extensions\redhat.java-1.50.0-win32-x64\lombok\lombok-1.18.39-4050.jar path:none, loaded, not initialized, instrumentlib options:none

dbghelp: loaded successfully - version: 4.0.5 - missing functions: none
symbol engine: initialized successfully - sym options: 0x614 - pdb path: .;c:\Users\JUNAID LAPTOP\.vscode\extensions\redhat.java-1.50.0-win32-x64\jre\21.0.9-win32-x86_64\bin;C:\Windows\SYSTEM32;C:\Windows\WinSxS\amd64_microsoft.windows.common-controls_6595b64144ccf1df_6.0.19041.6456_none_60b8a6cb71f64256;c:\Users\JUNAID LAPTOP\.vscode\extensions\redhat.java-1.50.0-win32-x64\jre\21.0.9-win32-x86_64\bin\server

VM Arguments:
jvm_args: --add-modules=ALL-SYSTEM --add-opens=java.base/java.util=ALL-UNNAMED --add-opens=java.base/java.lang=ALL-UNNAMED --add-opens=java.base/sun.nio.fs=ALL-UNNAMED -Declipse.application=org.eclipse.jdt.ls.core.id1 -Dosgi.bundles.defaultStartLevel=4 -Declipse.product=org.eclipse.jdt.ls.core.product -Djava.import.generatesMetadataFilesAtProjectRoot=false -DDetectVMInstallationsJob.disabled=true -Dfile.encoding=utf8 -XX:+UseParallelGC -XX:GCTimeRatio=4 -XX:AdaptiveSizePolicyWeight=90 -Dsun.zip.disableMemoryMapping=true -Xmx2G -Xms100m -Xlog:disable -javaagent:c:\Users\JUNAID LAPTOP\.vscode\extensions\redhat.java-1.50.0-win32-x64\lombok\lombok-1.18.39-4050.jar -XX:+HeapDumpOnOutOfMemoryError -XX:HeapDumpPath=c:\Users\JUNAID LAPTOP\AppData\Roaming\Code\User\workspaceStorage\52e0d409e2861fc0da9159cd0167b7cf\redhat.java -Daether.dependencyCollector.impl=bf 
java_command: c:\Users\JUNAID LAPTOP\.vscode\extensions\redhat.java-1.50.0-win32-x64\server\plugins\org.eclipse.equinox.launcher_1.7.100.v20251111-0406.jar -configuration c:\Users\JUNAID LAPTOP\AppData\Roaming\Code\User\globalStorage\redhat.java\1.50.0\config_win -data c:\Users\JUNAID LAPTOP\AppData\Roaming\Code\User\workspaceStorage\52e0d409e2861fc0da9159cd0167b7cf\redhat.java\jdt_ws --pipe=\\.\pipe\lsp-cf3b4499a39b11f5cbdb6aa58224ea18-sock
java_class_path (initial): c:\Users\JUNAID LAPTOP\.vscode\extensions\redhat.java-1.50.0-win32-x64\server\plugins\org.eclipse.equinox.launcher_1.7.100.v20251111-0406.jar
Launcher Type: SUN_STANDARD

[Global flags]
    uintx AdaptiveSizePolicyWeight                 = 90                                        {product} {command line}
     intx CICompilerCount                          = 3                                         {product} {ergonomic}
    uintx GCTimeRatio                              = 4                                         {product} {command line}
     bool HeapDumpOnOutOfMemoryError               = true                                   {manageable} {command line}
    ccstr HeapDumpPath                             = c:\Users\JUNAID LAPTOP\AppData\Roaming\Code\User\workspaceStorage\52e0d409e2861fc0da9159cd0167b7cf\redhat.java         {manageable} {command line}
   size_t InitialHeapSize                          = 104857600                                 {product} {command line}
   size_t MaxHeapSize                              = 2147483648                                {product} {command line}
   size_t MaxNewSize                               = 715653120                                 {product} {ergonomic}
   size_t MinHeapDeltaBytes                        = 524288                                    {product} {ergonomic}
   size_t MinHeapSize                              = 104857600                                 {product} {command line}
   size_t NewSize                                  = 34603008                                  {product} {ergonomic}
    uintx NonNMethodCodeHeapSize                   = 5832780                                {pd product} {ergonomic}
    uintx NonProfiledCodeHeapSize                  = 122912730                              {pd product} {ergonomic}
   size_t OldSize                                  = 70254592                                  {product} {ergonomic}
    uintx ProfiledCodeHeapSize                     = 122912730                              {pd product} {ergonomic}
    uintx ReservedCodeCacheSize                    = 251658240                              {pd product} {ergonomic}
     bool SegmentedCodeCache                       = true                                      {product} {ergonomic}
   size_t SoftMaxHeapSize                          = 2147483648                             {manageable} {ergonomic}
     bool UseCompressedOops                        = true                           {product lp64_product} {ergonomic}
     bool UseLargePagesIndividualAllocation        = false                                  {pd product} {ergonomic}
     bool UseParallelGC                            = true                                      {product} {command line}

Logging:
Log output configuration:
 #0: stdout all=off uptime,level,tags foldmultilines=false
 #1: stderr all=off uptime,level,tags foldmultilines=false

Release file:
<release file has not been read>
Environment Variables:
PATH=C:\Program Files (x86)\Common Files\Oracle\Java\javapath;C:\Windows\system32;C:\Windows;C:\Windows\System32\Wbem;C:\Windows\System32\WindowsPowerShell\v1.0\;C:\Windows\System32\OpenSSH\;C:\mingw32\bin;C:\Program Files\Microsoft\Web Platform Installer\;C:\Program Files (x86)\Microsoft ASP.NET\ASP.NET Web Pages\v1.0\;C:\Program Files (x86)\Windows Kits\8.0\Windows Performance Toolkit\;C:\Program Files\Microsoft SQL Server\110\Tools\Binn\;C:\Program Files\Git\cmd;C:\Users\JUNAID LAPTOP\AppData\Local\Programs\Python\Python310\Scripts\;C:\Users\JUNAID LAPTOP\AppData\Local\Programs\Python\Python310\;C:\Users\JUNAID LAPTOP\AppData\Local\Microsoft\WindowsApps;C:\Users\JUNAID LAPTOP\AppData\Local\Programs\Microsoft VS Code\bin;C:\Users\JUNAID LAPTOP\AppData\Local\GitHubDesktop\bin;C:\ProgramData\JUNAID LAPTOP\GitHubDesktop\bin
USERNAME=JUNAID LAPTOP
OS=Windows_NT
PROCESSOR_IDENTIFIER=Intel64 Family 6 Model 61 Stepping 4, GenuineIntel
TMP=C:\Users\JUNAID~1\AppData\Local\Temp
TEMP=C:\Users\JUNAID~1\AppData\Local\Temp




Periodic native trim disabled

---------------  S Y S T E M  ---------------

OS:
 Windows 10 , 64 bit Build 19041 (10.0.19041.5915)
OS uptime: 3 days 20:15 hours

CPU: total 4 (initial active 4) (2 cores per cpu, 2 threads per core) family 6 model 61 stepping 4 microcode 0x2d, cx8, cmov, fxsr, ht, mmx, 3dnowpref, sse, sse2, sse3, ssse3, sse4.1, sse4.2, popcnt, lzcnt, tsc, tscinvbit, avx, avx2, aes, erms, clmul, bmi1, bmi2, adx, fma, vzeroupper, clflush, rdtscp, f16c
Processor Information for the first 4 processors :
  Max Mhz: 1995, Current Mhz: 1995, Mhz Limit: 1995

Memory: 4k page, system-wide physical 7812M (2337M free)
TotalPageFile size 12665M (AvailPageFile size 217M)
current process WorkingSet (physical memory assigned to process): 28M, peak: 28M
current process commit charge ("private bytes"): 206M, peak: 206M

vm_info: OpenJDK 64-Bit Server VM (21.0.9+10-LTS) for windows-amd64 JRE (21.0.9+10-LTS), built on 2025-10-21T00:00:00Z by "admin" with unknown MS VC++:1942

END.
