#
# There is insufficient memory for the Java Runtime Environment to continue.
# Native memory allocation (malloc) failed to allocate 323696 bytes. Error detail: Chunk::new
# Possible reasons:
#   The system is out of physical RAM or swap space
#   This process is running with CompressedOops enabled, and the Java Heap may be blocking the growth of the native heap
# Possible solutions:
#   Reduce memory load on the system
#   Increase physical memory or swap space
#   Check if swap backing store is full
#   Decrease Java heap size (-Xmx/-Xms)
#   Decrease number of Java threads
#   Decrease Java thread stack sizes (-Xss)
#   Set larger code cache with -XX:ReservedCodeCacheSize=
#   JVM is running with Unscaled Compressed Oops mode in which the Java heap is
#     placed in the first 4GB address space. The Java Heap base address is the
#     maximum limit for the native heap growth. Please use -XX:HeapBaseMinAddress
#     to set the Java Heap base and to place the Java Heap above 4GB virtual address.
# This output file may be truncated or incomplete.
#
#  Out of Memory Error (arena.cpp:168), pid=9976, tid=12780
#
# JRE version: OpenJDK Runtime Environment Temurin-21.0.9+10 (21.0.9+10) (build 21.0.9+10-LTS)
# Java VM: OpenJDK 64-Bit Server VM Temurin-21.0.9+10 (21.0.9+10-LTS, mixed mode, sharing, tiered, compressed oops, compressed class ptrs, parallel gc, windows-amd64)
# No core dump will be written. Minidumps are not enabled by default on client versions of Windows
#

---------------  S U M M A R Y ------------

Command Line: --add-modules=ALL-SYSTEM --add-opens=java.base/java.util=ALL-UNNAMED --add-opens=java.base/java.lang=ALL-UNNAMED --add-opens=java.base/sun.nio.fs=ALL-UNNAMED -Declipse.application=org.eclipse.jdt.ls.core.id1 -Dosgi.bundles.defaultStartLevel=4 -Declipse.product=org.eclipse.jdt.ls.core.product -Djava.import.generatesMetadataFilesAtProjectRoot=false -DDetectVMInstallationsJob.disabled=true -Dfile.encoding=utf8 -XX:+UseParallelGC -XX:GCTimeRatio=4 -XX:AdaptiveSizePolicyWeight=90 -Dsun.zip.disableMemoryMapping=true -Xmx2G -Xms100m -Xlog:disable -javaagent:c:\Users\JUNAID LAPTOP\.vscode\extensions\redhat.java-1.50.0-win32-x64\lombok\lombok-1.18.39-4050.jar c:\Users\JUNAID LAPTOP\.vscode\extensions\redhat.java-1.50.0-win32-x64\server\plugins\org.eclipse.equinox.launcher_1.7.100.v20251111-0406.jar -configuration c:\Users\JUNAID LAPTOP\AppData\Roaming\Code\User\globalStorage\redhat.java\1.50.0\config_ss_win -data c:\Users\JUNAID LAPTOP\AppData\Roaming\Code\User\workspaceStorage\52e0d409e2861fc0da9159cd0167b7cf\redhat.java\ss_ws --pipe=\\.\pipe\lsp-eed4d13286dbcc59c071ba251e3b05ed-sock

Host: Intel(R) Core(TM) i3-5005U CPU @ 2.00GHz, 4 cores, 7G,  Windows 10 , 64 bit Build 19041 (10.0.19041.5915)
Time: Thu Nov 27 20:24:32 2025 Pakistan Standard Time elapsed time: 1.567970 seconds (0d 0h 0m 1s)

---------------  T H R E A D  ---------------

Current thread (0x000002067d792090):  JavaThread "C2 CompilerThread1" daemon [_thread_in_native, id=12780, stack(0x0000003676900000,0x0000003676a00000) (1024K)]


Current CompileTask:
C2:1568  721       4       lombok.patcher.scripts.MethodLevelPatchScript::patch (21 bytes)

Stack: [0x0000003676900000,0x0000003676a00000]
Native frames: (J=compiled Java code, j=interpreted, Vv=VM code, C=native code)
V  [jvm.dll+0x6d6e29]
V  [jvm.dll+0x8b4b76]
V  [jvm.dll+0x8b712e]
V  [jvm.dll+0x8b7813]
V  [jvm.dll+0x283d86]
V  [jvm.dll+0xc66ed]
V  [jvm.dll+0xc6c31]
V  [jvm.dll+0x3be501]
V  [jvm.dll+0x38ab92]
V  [jvm.dll+0x389fda]
V  [jvm.dll+0x24bfa0]
V  [jvm.dll+0x24b580]
V  [jvm.dll+0x1cb13e]
V  [jvm.dll+0x25b29d]
V  [jvm.dll+0x25982a]
V  [jvm.dll+0x3f7ea6]
V  [jvm.dll+0x85e9ad]
V  [jvm.dll+0x6d565d]
C  [ucrtbase.dll+0x21bb2]
C  [KERNEL32.DLL+0x17374]
C  [ntdll.dll+0x4cc91]


---------------  P R O C E S S  ---------------

Threads class SMR info:
_java_thread_list=0x000002067d71fcc0, length=12, elements={
0x0000020676bf4ff0, 0x0000020678e19000, 0x0000020678e1a900, 0x0000020678e1b810,
0x0000020678e1c720, 0x0000020678e1f440, 0x0000020678e20ea0, 0x0000020678e21cd0,
0x0000020678e93370, 0x000002067d658ed0, 0x000002067d6866c0, 0x000002067d792090
}

Java Threads: ( => current thread )
  0x0000020676bf4ff0 JavaThread "main"                              [_thread_in_Java, id=976, stack(0x0000003675c00000,0x0000003675d00000) (1024K)]
  0x0000020678e19000 JavaThread "Reference Handler"          daemon [_thread_blocked, id=8752, stack(0x0000003676000000,0x0000003676100000) (1024K)]
  0x0000020678e1a900 JavaThread "Finalizer"                  daemon [_thread_blocked, id=5876, stack(0x0000003676100000,0x0000003676200000) (1024K)]
  0x0000020678e1b810 JavaThread "Signal Dispatcher"          daemon [_thread_blocked, id=15224, stack(0x0000003676200000,0x0000003676300000) (1024K)]
  0x0000020678e1c720 JavaThread "Attach Listener"            daemon [_thread_blocked, id=696, stack(0x0000003676300000,0x0000003676400000) (1024K)]
  0x0000020678e1f440 JavaThread "Service Thread"             daemon [_thread_blocked, id=10908, stack(0x0000003676400000,0x0000003676500000) (1024K)]
  0x0000020678e20ea0 JavaThread "Monitor Deflation Thread"   daemon [_thread_blocked, id=5968, stack(0x0000003676500000,0x0000003676600000) (1024K)]
  0x0000020678e21cd0 JavaThread "C2 CompilerThread0"         daemon [_thread_in_native, id=2744, stack(0x0000003676600000,0x0000003676700000) (1024K)]
  0x0000020678e93370 JavaThread "C1 CompilerThread0"         daemon [_thread_in_vm, id=15744, stack(0x0000003676700000,0x0000003676800000) (1024K)]
  0x000002067d658ed0 JavaThread "Common-Cleaner"             daemon [_thread_blocked, id=16276, stack(0x0000003676800000,0x0000003676900000) (1024K)]
  0x000002067d6866c0 JavaThread "Notification Thread"        daemon [_thread_blocked, id=8840, stack(0x0000003676a00000,0x0000003676b00000) (1024K)]
=>0x000002067d792090 JavaThread "C2 CompilerThread1"         daemon [_thread_in_native, id=12780, stack(0x0000003676900000,0x0000003676a00000) (1024K)]
Total: 12

Other Threads:
  0x0000020678dfb480 VMThread "VM Thread"                           [id=8692, stack(0x0000003675f00000,0x0000003676000000) (1024K)]
  0x0000020678d71bb0 WatcherThread "VM Periodic Task Thread"        [id=5616, stack(0x0000003675e00000,0x0000003675f00000) (1024K)]
  0x0000020678f4be50 WorkerThread "GC Thread#0"                     [id=15604, stack(0x0000003675d00000,0x0000003675e00000) (1024K)]
Total: 3

Threads with active compile tasks:
C2 CompilerThread0  1604  720       4       lombok.patcher.PatchScript::classMatches (41 bytes)
C1 CompilerThread0  1604  742       3       jdk.internal.org.objectweb.asm.Frame::push (59 bytes)
C2 CompilerThread1  1604  721       4       lombok.patcher.scripts.MethodLevelPatchScript::patch (21 bytes)
Total: 3

VM state: not at safepoint (normal execution)

VM Mutex/Monitor currently owned by a thread: None

Heap address: 0x0000000080000000, size: 2048 MB, Compressed Oops mode: 32-bit

CDS archive(s) mapped at: [0x0000020613000000-0x0000020613ba0000-0x0000020613ba0000), size 12189696, SharedBaseAddress: 0x0000020613000000, ArchiveRelocationMode: 1.
Compressed class space mapped at: 0x0000020614000000-0x0000020654000000, reserved size: 1073741824
Narrow klass base: 0x0000020613000000, Narrow klass shift: 0, Narrow klass range: 0x100000000

GC Precious Log:
 CardTable entry size: 512
 CPUs: 4 total, 4 available
 Memory: 7812M
 Large Page Support: Disabled
 NUMA Support: Disabled
 Compressed Oops: Enabled (32-bit)
 Alignments: Space 512K, Generation 512K, Heap 2M
 Heap Min Capacity: 100M
 Heap Initial Capacity: 100M
 Heap Max Capacity: 2G
 Pre-touch: Disabled
 Parallel Workers: 4

Heap:
 PSYoungGen      total 29696K, used 15683K [0x00000000d5580000, 0x00000000d7680000, 0x0000000100000000)
  eden space 25600K, 61% used [0x00000000d5580000,0x00000000d64d0c78,0x00000000d6e80000)
  from space 4096K, 0% used [0x00000000d7280000,0x00000000d7280000,0x00000000d7680000)
  to   space 4096K, 0% used [0x00000000d6e80000,0x00000000d6e80000,0x00000000d7280000)
 ParOldGen       total 68608K, used 0K [0x0000000080000000, 0x0000000084300000, 0x00000000d5580000)
  object space 68608K, 0% used [0x0000000080000000,0x0000000080000000,0x0000000084300000)
 Metaspace       used 3018K, committed 3200K, reserved 1114112K
  class space    used 308K, committed 384K, reserved 1048576K

Card table byte_map: [0x00000206788e0000,0x0000020678cf0000] _byte_map_base: 0x00000206784e0000

Marking Bits: (ParMarkBitMap*) 0x00007ff95e772460
 Begin Bits: [0x000002060f000000, 0x0000020611000000)
 End Bits:   [0x0000020611000000, 0x0000020613000000)

Polling page: 0x0000020676de0000

Metaspace:

Usage:
  Non-class:      2.65 MB used.
      Class:    308.68 KB used.
       Both:      2.95 MB used.

Virtual space:
  Non-class space:       64.00 MB reserved,       2.75 MB (  4%) committed,  1 nodes.
      Class space:        1.00 GB reserved,     384.00 KB ( <1%) committed,  1 nodes.
             Both:        1.06 GB reserved,       3.12 MB ( <1%) committed. 

Chunk freelists:
   Non-Class:  11.58 MB
       Class:  15.66 MB
        Both:  27.24 MB

MaxMetaspaceSize: unlimited
CompressedClassSpaceSize: 1.00 GB
Initial GC threshold: 21.00 MB
Current GC threshold: 21.00 MB
CDS: on
 - commit_granule_bytes: 65536.
 - commit_granule_words: 8192.
 - virtual_space_node_default_size: 8388608.
 - enlarge_chunks_in_place: 1.
 - use_allocation_guard: 0.


Internal statistics:

num_allocs_failed_limit: 0.
num_arena_births: 84.
num_arena_deaths: 0.
num_vsnodes_births: 2.
num_vsnodes_deaths: 0.
num_space_committed: 50.
num_space_uncommitted: 0.
num_chunks_returned_to_freelist: 0.
num_chunks_taken_from_freelist: 111.
num_chunk_merges: 0.
num_chunk_splits: 77.
num_chunks_enlarged: 48.
num_inconsistent_stats: 0.

CodeHeap 'non-profiled nmethods': size=120000Kb used=295Kb max_used=295Kb free=119704Kb
 bounds [0x0000020607ad0000, 0x0000020607d40000, 0x000002060f000000]
CodeHeap 'profiled nmethods': size=120000Kb used=1144Kb max_used=1144Kb free=118855Kb
 bounds [0x0000020600000000, 0x0000020600270000, 0x0000020607530000]
CodeHeap 'non-nmethods': size=5760Kb used=1183Kb max_used=1214Kb free=4576Kb
 bounds [0x0000020607530000, 0x00000206077a0000, 0x0000020607ad0000]
CodeCache: size=245760Kb, used=2622Kb, max_used=2653Kb, free=243135Kb
 total_blobs=1180, nmethods=738, adapters=349, full_count=0
Compilation: enabled, stopped_count=0, restarted_count=0

Compilation events (20 events):
Event: 1.481 Thread 0x0000020678e93370 nmethod 722 0x0000020600111f90 code [0x0000020600112140, 0x00000206001122a8]
Event: 1.481 Thread 0x0000020678e93370  717       3       jdk.internal.util.ArraysSupport::hashCode (33 bytes)
Event: 1.482 Thread 0x0000020678e93370 nmethod 717 0x0000020600112390 code [0x0000020600112540, 0x0000020600112708]
Event: 1.482 Thread 0x0000020678e93370  723       3       java.lang.String::toLowerCase (29 bytes)
Event: 1.482 Thread 0x0000020678e93370 nmethod 723 0x0000020600112810 code [0x00000206001129e0, 0x0000020600112c98]
Event: 1.482 Thread 0x0000020678e93370  724       3       java.security.Provider$ServiceKey::<init> (39 bytes)
Event: 1.483 Thread 0x0000020678e93370 nmethod 724 0x0000020600112d90 code [0x0000020600112f80, 0x00000206001133c0]
Event: 1.483 Thread 0x0000020678e93370  725       1       java.security.Provider$UString::toString (5 bytes)
Event: 1.483 Thread 0x0000020678e93370 nmethod 725 0x0000020607b16990 code [0x0000020607b16b20, 0x0000020607b16be8]
Event: 1.483 Thread 0x0000020678e93370  726       1       java.security.Provider$Service::getProvider (5 bytes)
Event: 1.484 Thread 0x0000020678e93370 nmethod 726 0x0000020607b16c90 code [0x0000020607b16e20, 0x0000020607b16ee8]
Event: 1.484 Thread 0x0000020678e93370  727       1       java.security.Provider$Service::getClassName (5 bytes)
Event: 1.484 Thread 0x0000020678e93370 nmethod 727 0x0000020607b16f90 code [0x0000020607b17120, 0x0000020607b171e8]
Event: 1.500 Thread 0x0000020678e21cd0 nmethod 719 0x0000020607b17710 code [0x0000020607b17920, 0x0000020607b17fd8]
Event: 1.501 Thread 0x0000020678e21cd0  720       4       lombok.patcher.PatchScript::classMatches (41 bytes)
Event: 1.502 Thread 0x000002067d792090 nmethod 718 0x0000020607b18410 code [0x0000020607b18620, 0x0000020607b18d40]
Event: 1.502 Thread 0x000002067d792090  721       4       lombok.patcher.scripts.MethodLevelPatchScript::patch (21 bytes)
Event: 1.541 Thread 0x0000020678e93370  729       3       sun.security.provider.SHA2::implCompress0 (448 bytes)
Event: 1.543 Thread 0x0000020678e93370 nmethod 729 0x0000020600113590 code [0x00000206001137e0, 0x0000020600114390]
Event: 1.566 Thread 0x0000020678e93370  731       3       sun.security.provider.ByteArrayAccess::b2iBig64 (231 bytes)

GC Heap History (0 events):
No events

Dll operation events (8 events):
Event: 0.019 Loaded shared library c:\Users\JUNAID LAPTOP\.vscode\extensions\redhat.java-1.50.0-win32-x64\jre\21.0.9-win32-x86_64\bin\java.dll
Event: 0.251 Loaded shared library c:\Users\JUNAID LAPTOP\.vscode\extensions\redhat.java-1.50.0-win32-x64\jre\21.0.9-win32-x86_64\bin\zip.dll
Event: 0.320 Loaded shared library C:\Users\JUNAID LAPTOP\.vscode\extensions\redhat.java-1.50.0-win32-x64\jre\21.0.9-win32-x86_64\bin\instrument.dll
Event: 0.330 Loaded shared library C:\Users\JUNAID LAPTOP\.vscode\extensions\redhat.java-1.50.0-win32-x64\jre\21.0.9-win32-x86_64\bin\net.dll
Event: 0.333 Loaded shared library C:\Users\JUNAID LAPTOP\.vscode\extensions\redhat.java-1.50.0-win32-x64\jre\21.0.9-win32-x86_64\bin\nio.dll
Event: 0.340 Loaded shared library C:\Users\JUNAID LAPTOP\.vscode\extensions\redhat.java-1.50.0-win32-x64\jre\21.0.9-win32-x86_64\bin\zip.dll
Event: 0.370 Loaded shared library C:\Users\JUNAID LAPTOP\.vscode\extensions\redhat.java-1.50.0-win32-x64\jre\21.0.9-win32-x86_64\bin\jimage.dll
Event: 0.554 Loaded shared library c:\Users\JUNAID LAPTOP\.vscode\extensions\redhat.java-1.50.0-win32-x64\jre\21.0.9-win32-x86_64\bin\verify.dll

Deoptimization events (20 events):
Event: 1.465 Thread 0x0000020676bf4ff0 DEOPT PACKING pc=0x00000206000fd504 sp=0x0000003675cfdb20
Event: 1.465 Thread 0x0000020676bf4ff0 DEOPT UNPACKING pc=0x0000020607584242 sp=0x0000003675cfcf78 mode 0
Event: 1.465 Thread 0x0000020676bf4ff0 DEOPT PACKING pc=0x00000206000fd504 sp=0x0000003675cfdb20
Event: 1.465 Thread 0x0000020676bf4ff0 DEOPT UNPACKING pc=0x0000020607584242 sp=0x0000003675cfcf78 mode 0
Event: 1.465 Thread 0x0000020676bf4ff0 DEOPT PACKING pc=0x00000206000fd504 sp=0x0000003675cfda90
Event: 1.466 Thread 0x0000020676bf4ff0 DEOPT UNPACKING pc=0x0000020607584242 sp=0x0000003675cfcee8 mode 0
Event: 1.466 Thread 0x0000020676bf4ff0 DEOPT PACKING pc=0x00000206000fd504 sp=0x0000003675cfdb20
Event: 1.466 Thread 0x0000020676bf4ff0 DEOPT UNPACKING pc=0x0000020607584242 sp=0x0000003675cfcf78 mode 0
Event: 1.466 Thread 0x0000020676bf4ff0 DEOPT PACKING pc=0x00000206000fd504 sp=0x0000003675cfdb20
Event: 1.466 Thread 0x0000020676bf4ff0 DEOPT UNPACKING pc=0x0000020607584242 sp=0x0000003675cfcf78 mode 0
Event: 1.466 Thread 0x0000020676bf4ff0 DEOPT PACKING pc=0x00000206000fd504 sp=0x0000003675cfda90
Event: 1.466 Thread 0x0000020676bf4ff0 DEOPT UNPACKING pc=0x0000020607584242 sp=0x0000003675cfcee8 mode 0
Event: 1.466 Thread 0x0000020676bf4ff0 DEOPT PACKING pc=0x00000206000fd504 sp=0x0000003675cfdb20
Event: 1.466 Thread 0x0000020676bf4ff0 DEOPT UNPACKING pc=0x0000020607584242 sp=0x0000003675cfcf78 mode 0
Event: 1.467 Thread 0x0000020676bf4ff0 DEOPT PACKING pc=0x00000206000fd504 sp=0x0000003675cfdb20
Event: 1.467 Thread 0x0000020676bf4ff0 DEOPT UNPACKING pc=0x0000020607584242 sp=0x0000003675cfcf78 mode 0
Event: 1.467 Thread 0x0000020676bf4ff0 DEOPT PACKING pc=0x00000206000fd504 sp=0x0000003675cfda90
Event: 1.467 Thread 0x0000020676bf4ff0 DEOPT UNPACKING pc=0x0000020607584242 sp=0x0000003675cfcee8 mode 0
Event: 1.467 Thread 0x0000020676bf4ff0 DEOPT PACKING pc=0x00000206000fd504 sp=0x0000003675cfdb20
Event: 1.467 Thread 0x0000020676bf4ff0 DEOPT UNPACKING pc=0x0000020607584242 sp=0x0000003675cfcf78 mode 0

Classes loaded (20 events):
Event: 1.474 Loading class java/security/interfaces/ECKey
Event: 1.474 Loading class java/security/interfaces/ECKey done
Event: 1.474 Loading class java/security/interfaces/XECKey
Event: 1.474 Loading class java/security/interfaces/XECKey done
Event: 1.475 Loading class sun/security/util/KeyUtil
Event: 1.475 Loading class sun/security/util/KeyUtil done
Event: 1.475 Loading class sun/security/util/Length
Event: 1.475 Loading class sun/security/util/Length done
Event: 1.475 Loading class javax/crypto/SecretKey
Event: 1.475 Loading class javax/crypto/SecretKey done
Event: 1.478 Loading class java/util/Base64
Event: 1.479 Loading class java/util/Base64 done
Event: 1.479 Loading class java/util/Base64$Decoder
Event: 1.479 Loading class java/util/Base64$Decoder done
Event: 1.479 Loading class java/util/Base64$Encoder
Event: 1.479 Loading class java/util/Base64$Encoder done
Event: 1.480 Loading class java/util/jar/JarVerifier$VerifierStream
Event: 1.480 Loading class java/util/jar/JarVerifier$VerifierStream done
Event: 1.481 Loading class sun/security/util/ManifestEntryVerifier$SunProviderHolder
Event: 1.481 Loading class sun/security/util/ManifestEntryVerifier$SunProviderHolder done

Classes unloaded (0 events):
No events

Classes redefined (0 events):
No events

Internal exceptions (12 events):
Event: 0.241 Thread 0x0000020676bf4ff0 Exception <a 'java/lang/NoSuchMethodError'{0x00000000d57a9090}: 'void java.lang.invoke.DirectMethodHandle$Holder.invokeStatic(java.lang.Object, java.lang.Object, java.lang.Object)'> (0x00000000d57a9090) 
thrown [s\src\hotspot\share\interpreter\linkResolver.cpp, line 773]
Event: 0.361 Thread 0x0000020676bf4ff0 Exception <a 'java/lang/NoSuchMethodError'{0x00000000d5912a30}: 'java.lang.Object java.lang.invoke.Invokers$Holder.invokeExact_MT(java.lang.Object, java.lang.Object, java.lang.Object, java.lang.Object, java.lang.Object)'> (0x00000000d5912a30) 
thrown [s\src\hotspot\share\interpreter\linkResolver.cpp, line 773]
Event: 0.434 Thread 0x0000020676bf4ff0 Exception <a 'java/lang/NoSuchMethodError'{0x00000000d59ce090}: 'int java.lang.invoke.DirectMethodHandle$Holder.invokeSpecial(java.lang.Object, java.lang.Object, java.lang.Object, int)'> (0x00000000d59ce090) 
thrown [s\src\hotspot\share\interpreter\linkResolver.cpp, line 773]
Event: 0.440 Thread 0x0000020676bf4ff0 Exception <a 'java/lang/NoSuchMethodError'{0x00000000d59e0a78}: 'java.lang.Object java.lang.invoke.DirectMethodHandle$Holder.invokeStatic(java.lang.Object, java.lang.Object, java.lang.Object, java.lang.Object, int)'> (0x00000000d59e0a78) 
thrown [s\src\hotspot\share\interpreter\linkResolver.cpp, line 773]
Event: 0.444 Thread 0x0000020676bf4ff0 Exception <a 'java/lang/NoSuchMethodError'{0x00000000d59ebeb8}: 'void java.lang.invoke.DelegatingMethodHandle$Holder.reinvoke_L(java.lang.Object, java.lang.Object, java.lang.Object, int, java.lang.Object)'> (0x00000000d59ebeb8) 
thrown [s\src\hotspot\share\interpreter\linkResolver.cpp, line 773]
Event: 0.445 Thread 0x0000020676bf4ff0 Exception <a 'java/lang/NoSuchMethodError'{0x00000000d59ef8f0}: 'int java.lang.invoke.DirectMethodHandle$Holder.invokeSpecial(java.lang.Object, java.lang.Object, java.lang.Object)'> (0x00000000d59ef8f0) 
thrown [s\src\hotspot\share\interpreter\linkResolver.cpp, line 773]
Event: 0.453 Thread 0x0000020676bf4ff0 Exception <a 'java/lang/NoSuchMethodError'{0x00000000d5a085e0}: 'java.lang.Object java.lang.invoke.DirectMethodHandle$Holder.invokeStatic(java.lang.Object, java.lang.Object, int)'> (0x00000000d5a085e0) 
thrown [s\src\hotspot\share\interpreter\linkResolver.cpp, line 773]
Event: 0.457 Thread 0x0000020676bf4ff0 Exception <a 'java/lang/NoSuchMethodError'{0x00000000d5a0cf30}: 'void java.lang.invoke.DirectMethodHandle$Holder.invokeStatic(java.lang.Object, java.lang.Object, int, java.lang.Object)'> (0x00000000d5a0cf30) 
thrown [s\src\hotspot\share\interpreter\linkResolver.cpp, line 773]
Event: 0.459 Thread 0x0000020676bf4ff0 Exception <a 'java/lang/NoSuchMethodError'{0x00000000d5a10ac0}: 'void java.lang.invoke.DirectMethodHandle$Holder.invokeSpecial(java.lang.Object, java.lang.Object, java.lang.Object, int, java.lang.Object)'> (0x00000000d5a10ac0) 
thrown [s\src\hotspot\share\interpreter\linkResolver.cpp, line 773]
Event: 0.461 Thread 0x0000020676bf4ff0 Exception <a 'java/lang/NoSuchMethodError'{0x00000000d5a14170}: 'void java.lang.invoke.DelegatingMethodHandle$Holder.delegate(java.lang.Object, java.lang.Object, int, java.lang.Object)'> (0x00000000d5a14170) 
thrown [s\src\hotspot\share\interpreter\linkResolver.cpp, line 773]
Event: 0.621 Thread 0x0000020676bf4ff0 Exception <a 'java/lang/NoSuchMethodError'{0x00000000d5be18b8}: 'void java.lang.invoke.DelegatingMethodHandle$Holder.reinvoke_L(java.lang.Object, java.lang.Object, java.lang.Object, int)'> (0x00000000d5be18b8) 
thrown [s\src\hotspot\share\interpreter\linkResolver.cpp, line 773]
Event: 1.082 Thread 0x0000020676bf4ff0 Exception <a 'java/lang/NoSuchMethodError'{0x00000000d607cb58}: 'void java.lang.invoke.DirectMethodHandle$Holder.invokeVirtual(java.lang.Object, java.lang.Object)'> (0x00000000d607cb58) 
thrown [s\src\hotspot\share\interpreter\linkResolver.cpp, line 773]

ZGC Phase Switch (0 events):
No events

VM Operations (8 events):
Event: 0.248 Executing VM operation: HandshakeAllThreads (Deoptimize)
Event: 0.248 Executing VM operation: HandshakeAllThreads (Deoptimize) done
Event: 0.392 Executing VM operation: HandshakeAllThreads (Deoptimize)
Event: 0.393 Executing VM operation: HandshakeAllThreads (Deoptimize) done
Event: 1.398 Executing VM operation: Cleanup
Event: 1.446 Executing VM operation: Cleanup done
Event: 1.476 Executing VM operation: HandshakeAllThreads (Deoptimize)
Event: 1.476 Executing VM operation: HandshakeAllThreads (Deoptimize) done

Memory protections (0 events):
No events

Nmethod flushes (0 events):
No events

Events (14 events):
Event: 0.046 Thread 0x0000020676bf4ff0 Thread added: 0x0000020676bf4ff0
Event: 0.078 Thread 0x0000020676bf4ff0 Thread added: 0x0000020678e19000
Event: 0.078 Thread 0x0000020676bf4ff0 Thread added: 0x0000020678e1a900
Event: 0.079 Thread 0x0000020676bf4ff0 Thread added: 0x0000020678e1b810
Event: 0.079 Thread 0x0000020676bf4ff0 Thread added: 0x0000020678e1c720
Event: 0.079 Thread 0x0000020676bf4ff0 Thread added: 0x0000020678e1f440
Event: 0.079 Thread 0x0000020676bf4ff0 Thread added: 0x0000020678e20ea0
Event: 0.079 Thread 0x0000020676bf4ff0 Thread added: 0x0000020678e21cd0
Event: 0.101 Thread 0x0000020676bf4ff0 Thread added: 0x0000020678e93370
Event: 0.325 Thread 0x0000020676bf4ff0 Thread added: 0x000002067d658ed0
Event: 0.536 Thread 0x0000020678e93370 Thread added: 0x000002067d6b0cc0
Event: 0.833 Thread 0x0000020676bf4ff0 Thread added: 0x000002067d6866c0
Event: 1.019 Thread 0x000002067d6b0cc0 Thread exited: 0x000002067d6b0cc0
Event: 1.199 Thread 0x0000020678e93370 Thread added: 0x000002067d792090


Dynamic libraries:
0x00007ff6b1a50000 - 0x00007ff6b1a5e000 	c:\Users\JUNAID LAPTOP\.vscode\extensions\redhat.java-1.50.0-win32-x64\jre\21.0.9-win32-x86_64\bin\java.exe
0x00007ff9be230000 - 0x00007ff9be428000 	C:\Windows\SYSTEM32\ntdll.dll
0x00007ff9bd470000 - 0x00007ff9bd532000 	C:\Windows\System32\KERNEL32.DLL
0x00007ff9bb8c0000 - 0x00007ff9bbbb6000 	C:\Windows\System32\KERNELBASE.dll
0x00007ff9bbeb0000 - 0x00007ff9bbfb0000 	C:\Windows\System32\ucrtbase.dll
0x00007ff98ea10000 - 0x00007ff98ea2e000 	c:\Users\JUNAID LAPTOP\.vscode\extensions\redhat.java-1.50.0-win32-x64\jre\21.0.9-win32-x86_64\bin\VCRUNTIME140.dll
0x00007ff98dcf0000 - 0x00007ff98dd08000 	c:\Users\JUNAID LAPTOP\.vscode\extensions\redhat.java-1.50.0-win32-x64\jre\21.0.9-win32-x86_64\bin\jli.dll
0x00007ff9bde30000 - 0x00007ff9bdfd1000 	C:\Windows\System32\USER32.dll
0x00007ff9a09d0000 - 0x00007ff9a0c6b000 	C:\Windows\WinSxS\amd64_microsoft.windows.common-controls_6595b64144ccf1df_6.0.19041.6456_none_60b8a6cb71f64256\COMCTL32.dll
0x00007ff9bbe80000 - 0x00007ff9bbea2000 	C:\Windows\System32\win32u.dll
0x00007ff9bc380000 - 0x00007ff9bc41e000 	C:\Windows\System32\msvcrt.dll
0x00007ff9bd850000 - 0x00007ff9bd87b000 	C:\Windows\System32\GDI32.dll
0x00007ff9bbfb0000 - 0x00007ff9bc0c9000 	C:\Windows\System32\gdi32full.dll
0x00007ff9bbc50000 - 0x00007ff9bbced000 	C:\Windows\System32\msvcp_win.dll
0x00007ff9bdfe0000 - 0x00007ff9be00f000 	C:\Windows\System32\IMM32.DLL
0x00007ff9a3fb0000 - 0x00007ff9a3fbc000 	c:\Users\JUNAID LAPTOP\.vscode\extensions\redhat.java-1.50.0-win32-x64\jre\21.0.9-win32-x86_64\bin\vcruntime140_1.dll
0x00007ff96c410000 - 0x00007ff96c49d000 	c:\Users\JUNAID LAPTOP\.vscode\extensions\redhat.java-1.50.0-win32-x64\jre\21.0.9-win32-x86_64\bin\msvcp140.dll
0x00007ff95dab0000 - 0x00007ff95e850000 	c:\Users\JUNAID LAPTOP\.vscode\extensions\redhat.java-1.50.0-win32-x64\jre\21.0.9-win32-x86_64\bin\server\jvm.dll
0x00007ff9bd540000 - 0x00007ff9bd5f1000 	C:\Windows\System32\ADVAPI32.dll
0x00007ff9bd050000 - 0x00007ff9bd0ef000 	C:\Windows\System32\sechost.dll
0x00007ff9be010000 - 0x00007ff9be130000 	C:\Windows\System32\RPCRT4.dll
0x00007ff9bbe50000 - 0x00007ff9bbe77000 	C:\Windows\System32\bcrypt.dll
0x00007ff9bd7e0000 - 0x00007ff9bd84b000 	C:\Windows\System32\WS2_32.dll
0x00007ff9bae50000 - 0x00007ff9bae9b000 	C:\Windows\SYSTEM32\POWRPROF.dll
0x00007ff9b3730000 - 0x00007ff9b3757000 	C:\Windows\SYSTEM32\WINMM.dll
0x00007ff9b1800000 - 0x00007ff9b180a000 	C:\Windows\SYSTEM32\VERSION.dll
0x00007ff9bacc0000 - 0x00007ff9bacd2000 	C:\Windows\SYSTEM32\UMPDC.dll
0x00007ff9b9730000 - 0x00007ff9b9742000 	C:\Windows\SYSTEM32\kernel.appcore.dll
0x00007ff9a3e80000 - 0x00007ff9a3e8a000 	c:\Users\JUNAID LAPTOP\.vscode\extensions\redhat.java-1.50.0-win32-x64\jre\21.0.9-win32-x86_64\bin\jimage.dll
0x00007ff9b7150000 - 0x00007ff9b7351000 	C:\Windows\SYSTEM32\DBGHELP.DLL
0x00007ff9a7720000 - 0x00007ff9a7754000 	C:\Windows\SYSTEM32\dbgcore.DLL
0x00007ff9bbbc0000 - 0x00007ff9bbc42000 	C:\Windows\System32\bcryptPrimitives.dll
0x00007ff9a04c0000 - 0x00007ff9a04cf000 	c:\Users\JUNAID LAPTOP\.vscode\extensions\redhat.java-1.50.0-win32-x64\jre\21.0.9-win32-x86_64\bin\instrument.dll
0x00007ff97e410000 - 0x00007ff97e430000 	c:\Users\JUNAID LAPTOP\.vscode\extensions\redhat.java-1.50.0-win32-x64\jre\21.0.9-win32-x86_64\bin\java.dll
0x00007ff9bc870000 - 0x00007ff9bcfe0000 	C:\Windows\System32\SHELL32.dll
0x00007ff9b9930000 - 0x00007ff9ba0d5000 	C:\Windows\SYSTEM32\windows.storage.dll
0x00007ff9bd110000 - 0x00007ff9bd464000 	C:\Windows\System32\combase.dll
0x00007ff9bb2f0000 - 0x00007ff9bb31b000 	C:\Windows\SYSTEM32\Wldp.dll
0x00007ff9bc5f0000 - 0x00007ff9bc6bd000 	C:\Windows\System32\OLEAUT32.dll
0x00007ff9bc530000 - 0x00007ff9bc5dd000 	C:\Windows\System32\SHCORE.dll
0x00007ff9bd880000 - 0x00007ff9bd8db000 	C:\Windows\System32\shlwapi.dll
0x00007ff9bb7f0000 - 0x00007ff9bb814000 	C:\Windows\SYSTEM32\profapi.dll
0x00007ff978360000 - 0x00007ff978378000 	c:\Users\JUNAID LAPTOP\.vscode\extensions\redhat.java-1.50.0-win32-x64\jre\21.0.9-win32-x86_64\bin\zip.dll
0x00007ff99a260000 - 0x00007ff99a270000 	C:\Users\JUNAID LAPTOP\.vscode\extensions\redhat.java-1.50.0-win32-x64\jre\21.0.9-win32-x86_64\bin\net.dll
0x00007ff9b1400000 - 0x00007ff9b150a000 	C:\Windows\SYSTEM32\WINHTTP.dll
0x00007ff9bb050000 - 0x00007ff9bb0ba000 	C:\Windows\system32\mswsock.dll
0x00007ff9770e0000 - 0x00007ff9770f6000 	C:\Users\JUNAID LAPTOP\.vscode\extensions\redhat.java-1.50.0-win32-x64\jre\21.0.9-win32-x86_64\bin\nio.dll
0x00007ff99a0e0000 - 0x00007ff99a0f0000 	c:\Users\JUNAID LAPTOP\.vscode\extensions\redhat.java-1.50.0-win32-x64\jre\21.0.9-win32-x86_64\bin\verify.dll

JVMTI agents:
c:\Users\JUNAID LAPTOP\.vscode\extensions\redhat.java-1.50.0-win32-x64\lombok\lombok-1.18.39-4050.jar path:c:\Users\JUNAID LAPTOP\.vscode\extensions\redhat.java-1.50.0-win32-x64\jre\21.0.9-win32-x86_64\bin\instrument.dll, loaded, initialized, instrumentlib options:none

dbghelp: loaded successfully - version: 4.0.5 - missing functions: none
symbol engine: initialized successfully - sym options: 0x614 - pdb path: .;c:\Users\JUNAID LAPTOP\.vscode\extensions\redhat.java-1.50.0-win32-x64\jre\21.0.9-win32-x86_64\bin;C:\Windows\SYSTEM32;C:\Windows\WinSxS\amd64_microsoft.windows.common-controls_6595b64144ccf1df_6.0.19041.6456_none_60b8a6cb71f64256;c:\Users\JUNAID LAPTOP\.vscode\extensions\redhat.java-1.50.0-win32-x64\jre\21.0.9-win32-x86_64\bin\server

VM Arguments:
jvm_args: --add-modules=ALL-SYSTEM --add-opens=java.base/java.util=ALL-UNNAMED --add-opens=java.base/java.lang=ALL-UNNAMED --add-opens=java.base/sun.nio.fs=ALL-UNNAMED -Declipse.application=org.eclipse.jdt.ls.core.id1 -Dosgi.bundles.defaultStartLevel=4 -Declipse.product=org.eclipse.jdt.ls.core.product -Djava.import.generatesMetadataFilesAtProjectRoot=false -DDetectVMInstallationsJob.disabled=true -Dfile.encoding=utf8 -XX:+UseParallelGC -XX:GCTimeRatio=4 -XX:AdaptiveSizePolicyWeight=90 -Dsun.zip.disableMemoryMapping=true -Xmx2G -Xms100m -Xlog:disable -javaagent:c:\Users\JUNAID LAPTOP\.vscode\extensions\redhat.java-1.50.0-win32-x64\lombok\lombok-1.18.39-4050.jar 
java_command: c:\Users\JUNAID LAPTOP\.vscode\extensions\redhat.java-1.50.0-win32-x64\server\plugins\org.eclipse.equinox.launcher_1.7.100.v20251111-0406.jar -configuration c:\Users\JUNAID LAPTOP\AppData\Roaming\Code\User\globalStorage\redhat.java\1.50.0\config_ss_win -data c:\Users\JUNAID LAPTOP\AppData\Roaming\Code\User\workspaceStorage\52e0d409e2861fc0da9159cd0167b7cf\redhat.java\ss_ws --pipe=\\.\pipe\lsp-eed4d13286dbcc59c071ba251e3b05ed-sock
java_class_path (initial): c:\Users\JUNAID LAPTOP\.vscode\extensions\redhat.java-1.50.0-win32-x64\server\plugins\org.eclipse.equinox.launcher_1.7.100.v20251111-0406.jar
Launcher Type: SUN_STANDARD

[Global flags]
    uintx AdaptiveSizePolicyWeight                 = 90                                        {product} {command line}
     intx CICompilerCount                          = 3                                         {product} {ergonomic}
    uintx GCTimeRatio                              = 4                                         {product} {command line}
   size_t InitialHeapSize                          = 104857600                                 {product} {command line}
   size_t MaxHeapSize                              = 2147483648                                {product} {command line}
   size_t MaxNewSize                               = 715653120                                 {product} {ergonomic}
   size_t MinHeapDeltaBytes                        = 524288                                    {product} {ergonomic}
   size_t MinHeapSize                              = 104857600                                 {product} {command line}
   size_t NewSize                                  = 34603008                                  {product} {ergonomic}
    uintx NonNMethodCodeHeapSize                   = 5832780                                {pd product} {ergonomic}
    uintx NonProfiledCodeHeapSize                  = 122912730                              {pd product} {ergonomic}
   size_t OldSize                                  = 70254592                                  {product} {ergonomic}
    uintx ProfiledCodeHeapSize                     = 122912730                              {pd product} {ergonomic}
    uintx ReservedCodeCacheSize                    = 251658240                              {pd product} {ergonomic}
     bool SegmentedCodeCache                       = true                                      {product} {ergonomic}
   size_t SoftMaxHeapSize                          = 2147483648                             {manageable} {ergonomic}
     bool UseCompressedOops                        = true                           {product lp64_product} {ergonomic}
     bool UseLargePagesIndividualAllocation        = false                                  {pd product} {ergonomic}
     bool UseParallelGC                            = true                                      {product} {command line}

Logging:
Log output configuration:
 #0: stdout all=off uptime,level,tags foldmultilines=false
 #1: stderr all=off uptime,level,tags foldmultilines=false

Release file:
JAVA_VERSION="21.0.9" 
MODULES="java.base java.compiler java.datatransfer java.xml java.prefs java.desktop java.instrument java.logging java.management java.security.sasl java.naming java.rmi java.management.rmi java.net.http java.scripting java.security.jgss java.transaction.xa java.sql java.sql.rowset java.xml.crypto java.se java.smartcardio jdk.accessibility jdk.internal.jvmstat jdk.attach jdk.charsets jdk.internal.opt jdk.zipfs jdk.compiler jdk.crypto.ec jdk.crypto.cryptoki jdk.crypto.mscapi jdk.dynalink jdk.internal.ed jdk.editpad jdk.hotspot.agent jdk.httpserver jdk.internal.le jdk.internal.vm.ci jdk.internal.vm.compiler jdk.internal.vm.compiler.management jdk.jartool jdk.javadoc jdk.jcmd jdk.management jdk.management.agent jdk.jconsole jdk.jdeps jdk.jdwp.agent jdk.jdi jdk.jfr jdk.jshell jdk.jsobject jdk.jstatd jdk.localedata jdk.management.jfr jdk.naming.dns jdk.naming.rmi jdk.net jdk.nio.mapmode jdk.random jdk.sctp jdk.security.auth jdk.security.jgss jdk.unsupported jdk.unsupported.desktop jdk.xml.dom" 

Environment Variables:
PATH=C:\Program Files (x86)\Common Files\Oracle\Java\javapath;C:\Windows\system32;C:\Windows;C:\Windows\System32\Wbem;C:\Windows\System32\WindowsPowerShell\v1.0\;C:\Windows\System32\OpenSSH\;C:\mingw32\bin;C:\Program Files\Microsoft\Web Platform Installer\;C:\Program Files (x86)\Microsoft ASP.NET\ASP.NET Web Pages\v1.0\;C:\Program Files (x86)\Windows Kits\8.0\Windows Performance Toolkit\;C:\Program Files\Microsoft SQL Server\110\Tools\Binn\;C:\Program Files\Git\cmd;C:\Users\JUNAID LAPTOP\AppData\Local\Programs\Python\Python310\Scripts\;C:\Users\JUNAID LAPTOP\AppData\Local\Programs\Python\Python310\;C:\Users\JUNAID LAPTOP\AppData\Local\Microsoft\WindowsApps;C:\Users\JUNAID LAPTOP\AppData\Local\Programs\Microsoft VS Code\bin;C:\Users\JUNAID LAPTOP\AppData\Local\GitHubDesktop\bin;C:\ProgramData\JUNAID LAPTOP\GitHubDesktop\bin
USERNAME=JUNAID LAPTOP
OS=Windows_NT
PROCESSOR_IDENTIFIER=Intel64 Family 6 Model 61 Stepping 4, GenuineIntel
TMP=C:\Users\JUNAID~1\AppData\Local\Temp
TEMP=C:\Users\JUNAID~1\AppData\Local\Temp




Periodic native trim disabled

---------------  S Y S T E M  ---------------

OS:
 Windows 10 , 64 bit Build 19041 (10.0.19041.5915)
OS uptime: 3 days 20:15 hours

CPU: total 4 (initial active 4) (2 cores per cpu, 2 threads per core) family 6 model 61 stepping 4 microcode 0x2d, cx8, cmov, fxsr, ht, mmx, 3dnowpref, sse, sse2, sse3, ssse3, sse4.1, sse4.2, popcnt, lzcnt, tsc, tscinvbit, avx, avx2, aes, erms, clmul, bmi1, bmi2, adx, fma, vzeroupper, clflush, rdtscp, f16c
Processor Information for the first 4 processors :
  Max Mhz: 1995, Current Mhz: 1995, Mhz Limit: 1995

Memory: 4k page, system-wide physical 7812M (2299M free)
TotalPageFile size 12665M (AvailPageFile size 4M)
current process WorkingSet (physical memory assigned to process): 61M, peak: 61M
current process commit charge ("private bytes"): 220M, peak: 220M

vm_info: OpenJDK 64-Bit Server VM (21.0.9+10-LTS) for windows-amd64 JRE (21.0.9+10-LTS), built on 2025-10-21T00:00:00Z by "admin" with unknown MS VC++:1942

END.
