#
# There is insufficient memory for the Java Runtime Environment to continue.
# Native memory allocation (malloc) failed to allocate 446896 bytes. Error detail: Chunk::new
# Possible reasons:
#   The system is out of physical RAM or swap space
#   This process is running with CompressedOops enabled, and the Java Heap may be blocking the growth of the native heap
# Possible solutions:
#   Reduce memory load on the system
#   Increase physical memory or swap space
#   Check if swap backing store is full
#   Decrease Java heap size (-Xmx/-Xms)
#   Decrease number of Java threads
#   Decrease Java thread stack sizes (-Xss)
#   Set larger code cache with -XX:ReservedCodeCacheSize=
#   JVM is running with Unscaled Compressed Oops mode in which the Java heap is
#     placed in the first 4GB address space. The Java Heap base address is the
#     maximum limit for the native heap growth. Please use -XX:HeapBaseMinAddress
#     to set the Java Heap base and to place the Java Heap above 4GB virtual address.
# This output file may be truncated or incomplete.
#
#  Out of Memory Error (arena.cpp:168), pid=7028, tid=12868
#
# JRE version: OpenJDK Runtime Environment Temurin-21.0.9+10 (21.0.9+10) (build 21.0.9+10-LTS)
# Java VM: OpenJDK 64-Bit Server VM Temurin-21.0.9+10 (21.0.9+10-LTS, mixed mode, sharing, tiered, compressed oops, compressed class ptrs, parallel gc, windows-amd64)
# No core dump will be written. Minidumps are not enabled by default on client versions of Windows
#

---------------  S U M M A R Y ------------

Command Line: --add-modules=ALL-SYSTEM --add-opens=java.base/java.util=ALL-UNNAMED --add-opens=java.base/java.lang=ALL-UNNAMED --add-opens=java.base/sun.nio.fs=ALL-UNNAMED -Declipse.application=org.eclipse.jdt.ls.core.id1 -Dosgi.bundles.defaultStartLevel=4 -Declipse.product=org.eclipse.jdt.ls.core.product -Djava.import.generatesMetadataFilesAtProjectRoot=false -DDetectVMInstallationsJob.disabled=true -Dfile.encoding=utf8 -XX:+UseParallelGC -XX:GCTimeRatio=4 -XX:AdaptiveSizePolicyWeight=90 -Dsun.zip.disableMemoryMapping=true -Xmx2G -Xms100m -Xlog:disable -javaagent:c:\Users\JUNAID LAPTOP\.vscode\extensions\redhat.java-1.50.0-win32-x64\lombok\lombok-1.18.39-4050.jar -XX:+HeapDumpOnOutOfMemoryError -XX:HeapDumpPath=c:\Users\JUNAID LAPTOP\AppData\Roaming\Code\User\workspaceStorage\52e0d409e2861fc0da9159cd0167b7cf\redhat.java -Daether.dependencyCollector.impl=bf c:\Users\JUNAID LAPTOP\.vscode\extensions\redhat.java-1.50.0-win32-x64\server\plugins\org.eclipse.equinox.launcher_1.7.100.v20251111-0406.jar -configuration c:\Users\JUNAID LAPTOP\AppData\Roaming\Code\User\globalStorage\redhat.java\1.50.0\config_win -data c:\Users\JUNAID LAPTOP\AppData\Roaming\Code\User\workspaceStorage\52e0d409e2861fc0da9159cd0167b7cf\redhat.java\jdt_ws --pipe=\\.\pipe\lsp-27c67b916d619544e30f105022498aa4-sock

Host: Intel(R) Core(TM) i3-5005U CPU @ 2.00GHz, 4 cores, 7G,  Windows 10 , 64 bit Build 19041 (10.0.19041.5915)
Time: Thu Nov 27 20:22:11 2025 Pakistan Standard Time elapsed time: 25.924066 seconds (0d 0h 0m 25s)

---------------  T H R E A D  ---------------

Current thread (0x000001d191245030):  JavaThread "C2 CompilerThread0" daemon [_thread_in_native, id=12868, stack(0x000000ae60200000,0x000000ae60300000) (1024K)]


Current CompileTask:
C2:25924 6514       4       java.lang.invoke.DirectMethodHandle::make (275 bytes)

Stack: [0x000000ae60200000,0x000000ae60300000]
Native frames: (J=compiled Java code, j=interpreted, Vv=VM code, C=native code)
V  [jvm.dll+0x6d6e29]
V  [jvm.dll+0x8b4b76]
V  [jvm.dll+0x8b712e]
V  [jvm.dll+0x8b7813]
V  [jvm.dll+0x283d86]
V  [jvm.dll+0xc66ed]
V  [jvm.dll+0xc6c31]
V  [jvm.dll+0x2facee]
V  [jvm.dll+0x5fde44]
V  [jvm.dll+0x255557]
V  [jvm.dll+0x24db6a]
V  [jvm.dll+0x24b482]
V  [jvm.dll+0x1cb13e]
V  [jvm.dll+0x25b29d]
V  [jvm.dll+0x25982a]
V  [jvm.dll+0x3f7ea6]
V  [jvm.dll+0x85e9ad]
V  [jvm.dll+0x6d565d]
C  [ucrtbase.dll+0x21bb2]
C  [KERNEL32.DLL+0x17374]
C  [ntdll.dll+0x4cc91]


---------------  P R O C E S S  ---------------

Threads class SMR info:
_java_thread_list=0x000001d1f10972c0, length=38, elements={
0x000001d191351b90, 0x000001d19123c900, 0x000001d19123d7a0, 0x000001d191242310,
0x000001d191242d60, 0x000001d1912437b0, 0x000001d191244200, 0x000001d191245030,
0x000001d1912b5a60, 0x000001d1e9b4f0a0, 0x000001d1e9c146c0, 0x000001d1ee371b30,
0x000001d1ee636800, 0x000001d1ee6b0410, 0x000001d1ee65bf20, 0x000001d1eeb67320,
0x000001d1ee572a80, 0x000001d1ee601c50, 0x000001d1ee0f41b0, 0x000001d1eed2f5a0,
0x000001d1eed30fe0, 0x000001d1eed31670, 0x000001d1eed32390, 0x000001d1eed302c0,
0x000001d1eed2ef10, 0x000001d1eed2fc30, 0x000001d1eed30950, 0x000001d1eed31d00,
0x000001d1f0ec0b00, 0x000001d1f0ec3260, 0x000001d1f0ec6050, 0x000001d1f0ec66e0,
0x000001d1f0ec1820, 0x000001d1f0ec2bd0, 0x000001d1f0ec3f80, 0x000001d1f0ec6d70,
0x000001d1f0ebfde0, 0x000001d1f00d2f10
}

Java Threads: ( => current thread )
  0x000001d191351b90 JavaThread "main"                              [_thread_blocked, id=3208, stack(0x000000ae5f800000,0x000000ae5f900000) (1024K)]
  0x000001d19123c900 JavaThread "Reference Handler"          daemon [_thread_blocked, id=12312, stack(0x000000ae5fc00000,0x000000ae5fd00000) (1024K)]
  0x000001d19123d7a0 JavaThread "Finalizer"                  daemon [_thread_blocked, id=6284, stack(0x000000ae5fd00000,0x000000ae5fe00000) (1024K)]
  0x000001d191242310 JavaThread "Signal Dispatcher"          daemon [_thread_blocked, id=13708, stack(0x000000ae5fe00000,0x000000ae5ff00000) (1024K)]
  0x000001d191242d60 JavaThread "Attach Listener"            daemon [_thread_blocked, id=10844, stack(0x000000ae5ff00000,0x000000ae60000000) (1024K)]
  0x000001d1912437b0 JavaThread "Service Thread"             daemon [_thread_blocked, id=4552, stack(0x000000ae60000000,0x000000ae60100000) (1024K)]
  0x000001d191244200 JavaThread "Monitor Deflation Thread"   daemon [_thread_blocked, id=6932, stack(0x000000ae60100000,0x000000ae60200000) (1024K)]
=>0x000001d191245030 JavaThread "C2 CompilerThread0"         daemon [_thread_in_native, id=12868, stack(0x000000ae60200000,0x000000ae60300000) (1024K)]
  0x000001d1912b5a60 JavaThread "C1 CompilerThread0"         daemon [_thread_blocked, id=12784, stack(0x000000ae60300000,0x000000ae60400000) (1024K)]
  0x000001d1e9b4f0a0 JavaThread "Common-Cleaner"             daemon [_thread_blocked, id=1368, stack(0x000000ae60400000,0x000000ae60500000) (1024K)]
  0x000001d1e9c146c0 JavaThread "Notification Thread"        daemon [_thread_blocked, id=10400, stack(0x000000ae60500000,0x000000ae60600000) (1024K)]
  0x000001d1ee371b30 JavaThread "Active Thread: Equinox Container: 02df6b39-d46f-46c7-b009-9a26e94a01e8"        [_thread_blocked, id=3416, stack(0x000000ae60a00000,0x000000ae60b00000) (1024K)]
  0x000001d1ee636800 JavaThread "Refresh Thread: Equinox Container: 02df6b39-d46f-46c7-b009-9a26e94a01e8" daemon [_thread_blocked, id=16072, stack(0x000000ae60600000,0x000000ae60700000) (1024K)]
  0x000001d1ee6b0410 JavaThread "Framework Event Dispatcher: Equinox Container: 02df6b39-d46f-46c7-b009-9a26e94a01e8" daemon [_thread_blocked, id=6920, stack(0x000000ae60b00000,0x000000ae60c00000) (1024K)]
  0x000001d1ee65bf20 JavaThread "Start Level: Equinox Container: 02df6b39-d46f-46c7-b009-9a26e94a01e8" daemon [_thread_blocked, id=6228, stack(0x000000ae60c00000,0x000000ae60d00000) (1024K)]
  0x000001d1eeb67320 JavaThread "Bundle File Closer"         daemon [_thread_blocked, id=7184, stack(0x000000ae60e00000,0x000000ae60f00000) (1024K)]
  0x000001d1ee572a80 JavaThread "SCR Component Actor"        daemon [_thread_blocked, id=13572, stack(0x000000ae60d00000,0x000000ae60e00000) (1024K)]
  0x000001d1ee601c50 JavaThread "Worker-JM"                         [_thread_blocked, id=6072, stack(0x000000ae60f00000,0x000000ae61000000) (1024K)]
  0x000001d1ee0f41b0 JavaThread "JNA Cleaner"                daemon [_thread_blocked, id=13872, stack(0x000000ae61000000,0x000000ae61100000) (1024K)]
  0x000001d1eed2f5a0 JavaThread "Worker-0"                          [_thread_blocked, id=1272, stack(0x000000ae61100000,0x000000ae61200000) (1024K)]
  0x000001d1eed30fe0 JavaThread "Worker-1"                          [_thread_blocked, id=12864, stack(0x000000ae61200000,0x000000ae61300000) (1024K)]
  0x000001d1eed31670 JavaThread "Worker-2"                          [_thread_blocked, id=10416, stack(0x000000ae61300000,0x000000ae61400000) (1024K)]
  0x000001d1eed32390 JavaThread "Worker-3: Initialize Workspace"        [_thread_in_vm, id=6216, stack(0x000000ae61400000,0x000000ae61500000) (1024K)]
  0x000001d1eed302c0 JavaThread "Java indexing"              daemon [_thread_blocked, id=16364, stack(0x000000ae61500000,0x000000ae61600000) (1024K)]
  0x000001d1eed2ef10 JavaThread "Worker-4"                          [_thread_blocked, id=9452, stack(0x000000ae61900000,0x000000ae61a00000) (1024K)]
  0x000001d1eed2fc30 JavaThread "Worker-5"                          [_thread_blocked, id=12440, stack(0x000000ae61a00000,0x000000ae61b00000) (1024K)]
  0x000001d1eed30950 JavaThread "Thread-1"                   daemon [_thread_in_native, id=11392, stack(0x000000ae61b00000,0x000000ae61c00000) (1024K)]
  0x000001d1eed31d00 JavaThread "Thread-2"                   daemon [_thread_in_native, id=7616, stack(0x000000ae61c00000,0x000000ae61d00000) (1024K)]
  0x000001d1f0ec0b00 JavaThread "Thread-3"                   daemon [_thread_in_native, id=1152, stack(0x000000ae61d00000,0x000000ae61e00000) (1024K)]
  0x000001d1f0ec3260 JavaThread "Thread-4"                   daemon [_thread_in_native, id=11328, stack(0x000000ae61e00000,0x000000ae61f00000) (1024K)]
  0x000001d1f0ec6050 JavaThread "Thread-5"                   daemon [_thread_in_native, id=11784, stack(0x000000ae61f00000,0x000000ae62000000) (1024K)]
  0x000001d1f0ec66e0 JavaThread "pool-2-thread-1"                   [_thread_blocked, id=6080, stack(0x000000ae62000000,0x000000ae62100000) (1024K)]
  0x000001d1f0ec1820 JavaThread "WorkspaceEventsHandler"            [_thread_blocked, id=15084, stack(0x000000ae62100000,0x000000ae62200000) (1024K)]
  0x000001d1f0ec2bd0 JavaThread "pool-1-thread-1"                   [_thread_blocked, id=13532, stack(0x000000ae62200000,0x000000ae62300000) (1024K)]
  0x000001d1f0ec3f80 JavaThread "ForkJoinPool.commonPool-worker-1" daemon [_thread_blocked, id=5240, stack(0x000000ae62300000,0x000000ae62400000) (1024K)]
  0x000001d1f0ec6d70 JavaThread "ForkJoinPool.commonPool-worker-2" daemon [_thread_blocked, id=1296, stack(0x000000ae62400000,0x000000ae62500000) (1024K)]
  0x000001d1f0ebfde0 JavaThread "ForkJoinPool.commonPool-worker-3" daemon [_thread_blocked, id=11876, stack(0x000000ae62500000,0x000000ae62600000) (1024K)]
  0x000001d1f00d2f10 JavaThread "C2 CompilerThread1"         daemon [_thread_blocked, id=9424, stack(0x000000ae61600000,0x000000ae61700000) (1024K)]
Total: 38

Other Threads:
  0x000001d19140d540 VMThread "VM Thread"                           [id=8780, stack(0x000000ae5fb00000,0x000000ae5fc00000) (1024K)]
  0x000001d1911ec6f0 WatcherThread "VM Periodic Task Thread"        [id=4856, stack(0x000000ae5fa00000,0x000000ae5fb00000) (1024K)]
  0x000001d19136e7e0 WorkerThread "GC Thread#0"                     [id=16212, stack(0x000000ae5f900000,0x000000ae5fa00000) (1024K)]
  0x000001d1ee40f9e0 WorkerThread "GC Thread#1"                     [id=8236, stack(0x000000ae60700000,0x000000ae60800000) (1024K)]
  0x000001d1ee6b7030 WorkerThread "GC Thread#2"                     [id=11832, stack(0x000000ae60800000,0x000000ae60900000) (1024K)]
  0x000001d1ee6b73d0 WorkerThread "GC Thread#3"                     [id=14772, stack(0x000000ae60900000,0x000000ae60a00000) (1024K)]
Total: 6

Threads with active compile tasks:
C2 CompilerThread0  25980 6514       4       java.lang.invoke.DirectMethodHandle::make (275 bytes)
Total: 1

VM state: not at safepoint (normal execution)

VM Mutex/Monitor currently owned by a thread:  ([mutex/lock_event])
[0x00007ff95e76b4f0] Metaspace_lock - owner thread: 0x000001d1eed32390

Heap address: 0x0000000080000000, size: 2048 MB, Compressed Oops mode: 32-bit

CDS archive(s) mapped at: [0x000001d1a8000000-0x000001d1a8ba0000-0x000001d1a8ba0000), size 12189696, SharedBaseAddress: 0x000001d1a8000000, ArchiveRelocationMode: 1.
Compressed class space mapped at: 0x000001d1a9000000-0x000001d1e9000000, reserved size: 1073741824
Narrow klass base: 0x000001d1a8000000, Narrow klass shift: 0, Narrow klass range: 0x100000000

GC Precious Log:
 CardTable entry size: 512
 CPUs: 4 total, 4 available
 Memory: 7812M
 Large Page Support: Disabled
 NUMA Support: Disabled
 Compressed Oops: Enabled (32-bit)
 Alignments: Space 512K, Generation 512K, Heap 2M
 Heap Min Capacity: 100M
 Heap Initial Capacity: 100M
 Heap Max Capacity: 2G
 Pre-touch: Disabled
 Parallel Workers: 4

Heap:
 PSYoungGen      total 23040K, used 7293K [0x00000000d5580000, 0x00000000d7300000, 0x0000000100000000)
  eden space 20992K, 24% used [0x00000000d5580000,0x00000000d5a9f468,0x00000000d6a00000)
  from space 2048K, 100% used [0x00000000d6e00000,0x00000000d7000000,0x00000000d7000000)
  to   space 4096K, 0% used [0x00000000d6a00000,0x00000000d6a00000,0x00000000d6e00000)
 ParOldGen       total 68608K, used 35096K [0x0000000080000000, 0x0000000084300000, 0x00000000d5580000)
  object space 68608K, 51% used [0x0000000080000000,0x0000000082246240,0x0000000084300000)
 Metaspace       used 47793K, committed 48896K, reserved 1114112K
  class space    used 5180K, committed 5696K, reserved 1048576K

Card table byte_map: [0x000001d190d00000,0x000001d191110000] _byte_map_base: 0x000001d190900000

Marking Bits: (ParMarkBitMap*) 0x00007ff95e772460
 Begin Bits: [0x000001d1a3810000, 0x000001d1a5810000)
 End Bits:   [0x000001d1a5810000, 0x000001d1a7810000)

Polling page: 0x000001d18f060000

Metaspace:

Usage:
  Non-class:     41.61 MB used.
      Class:      5.06 MB used.
       Both:     46.67 MB used.

Virtual space:
  Non-class space:       64.00 MB reserved,      42.19 MB ( 66%) committed,  1 nodes.
      Class space:        1.00 GB reserved,       5.56 MB ( <1%) committed,  1 nodes.
             Both:        1.06 GB reserved,      47.75 MB (  4%) committed. 

Chunk freelists:
   Non-Class:  5.30 MB
       Class:  10.49 MB
        Both:  15.78 MB

MaxMetaspaceSize: unlimited
CompressedClassSpaceSize: 1.00 GB
Initial GC threshold: 21.00 MB
Current GC threshold: 58.38 MB
CDS: on
 - commit_granule_bytes: 65536.
 - commit_granule_words: 8192.
 - virtual_space_node_default_size: 8388608.
 - enlarge_chunks_in_place: 1.
 - use_allocation_guard: 0.


Internal statistics:

num_allocs_failed_limit: 6.
num_arena_births: 816.
num_arena_deaths: 16.
num_vsnodes_births: 2.
num_vsnodes_deaths: 0.
num_space_committed: 764.
num_space_uncommitted: 0.
num_chunks_returned_to_freelist: 23.
num_chunks_taken_from_freelist: 2965.
num_chunk_merges: 12.
num_chunk_splits: 1825.
num_chunks_enlarged: 1072.
num_inconsistent_stats: 0.

CodeHeap 'non-profiled nmethods': size=120000Kb used=3394Kb max_used=3394Kb free=116606Kb
 bounds [0x000001d19c030000, 0x000001d19c390000, 0x000001d1a3560000]
CodeHeap 'profiled nmethods': size=120000Kb used=12278Kb max_used=12278Kb free=107721Kb
 bounds [0x000001d194560000, 0x000001d195160000, 0x000001d19ba90000]
CodeHeap 'non-nmethods': size=5760Kb used=1377Kb max_used=1428Kb free=4382Kb
 bounds [0x000001d19ba90000, 0x000001d19bd00000, 0x000001d19c030000]
CodeCache: size=245760Kb, used=17049Kb, max_used=17100Kb, free=228709Kb
 total_blobs=6621, nmethods=5939, adapters=588, full_count=0
Compilation: enabled, stopped_count=0, restarted_count=0

Compilation events (20 events):
Event: 25.813 Thread 0x000001d1912b5a60 nmethod 6510 0x000001d19515c510 code [0x000001d19515c6e0, 0x000001d19515cc28]
Event: 25.816 Thread 0x000001d1f00d2f10 6512       4       java.lang.invoke.MethodHandles$Lookup::checkAccess (200 bytes)
Event: 25.823 Thread 0x000001d1f00d2f10 nmethod 6512 0x000001d19c37aa10 code [0x000001d19c37ac00, 0x000001d19c37afc8]
Event: 25.829 Thread 0x000001d1f00d2f10 6513       4       java.lang.invoke.DirectMethodHandle::<init> (148 bytes)
Event: 25.835 Thread 0x000001d191245030 nmethod 6511 0x000001d19c37b310 code [0x000001d19c37b520, 0x000001d19c37baa0]
Event: 25.839 Thread 0x000001d191245030 6514       4       java.lang.invoke.DirectMethodHandle::make (275 bytes)
Event: 25.842 Thread 0x000001d1f00d2f10 nmethod 6513 0x000001d19c37c010 code [0x000001d19c37c260, 0x000001d19c37c930]
Event: 25.850 Thread 0x000001d1f00d2f10 6515       4       java.lang.invoke.DirectMethodHandle::shouldBeInitialized (117 bytes)
Event: 25.856 Thread 0x000001d1f00d2f10 nmethod 6515 0x000001d19c37cf10 code [0x000001d19c37d120, 0x000001d19c37d408]
Event: 25.856 Thread 0x000001d1f00d2f10 6516       4       org.eclipse.jdt.internal.compiler.util.HashtableOfInt::put (95 bytes)
Event: 25.861 Thread 0x000001d1912b5a60 6517       3       org.eclipse.jdt.internal.compiler.impl.IrritantSet::isSet (23 bytes)
Event: 25.862 Thread 0x000001d1912b5a60 nmethod 6517 0x000001d19515cd90 code [0x000001d19515cf40, 0x000001d19515d0e8]
Event: 25.864 Thread 0x000001d1f00d2f10 nmethod 6516 0x000001d19c37d710 code [0x000001d19c37d8e0, 0x000001d19c37dc30]
Event: 25.864 Thread 0x000001d1f00d2f10 6518       4       java.util.Properties::loadConvert (540 bytes)
Event: 25.906 Thread 0x000001d1912b5a60 6520       3       sun.net.www.protocol.file.Handler::parseURL (18 bytes)
Event: 25.907 Thread 0x000001d1912b5a60 nmethod 6520 0x000001d19515d210 code [0x000001d19515d3c0, 0x000001d19515d580]
Event: 25.907 Thread 0x000001d1912b5a60 6521       3       java.nio.charset.CharsetDecoder::implFlush (4 bytes)
Event: 25.907 Thread 0x000001d1912b5a60 nmethod 6521 0x000001d19515d690 code [0x000001d19515d820, 0x000001d19515d938]
Event: 25.918 Thread 0x000001d1f00d2f10 nmethod 6518 0x000001d19c37df10 code [0x000001d19c37e1c0, 0x000001d19c37f570]
Event: 25.918 Thread 0x000001d1f00d2f10 6519       4       org.lombokweb.asm.SymbolTable::addConstantUtf8Reference (20 bytes)

GC Heap History (20 events):
Event: 21.148 GC heap before
{Heap before GC invocations=17 (full 2):
 PSYoungGen      total 23040K, used 23017K [0x00000000d5580000, 0x00000000d7200000, 0x0000000100000000)
  eden space 22016K, 100% used [0x00000000d5580000,0x00000000d6b00000,0x00000000d6b00000)
  from space 1024K, 97% used [0x00000000d7100000,0x00000000d71fa4f8,0x00000000d7200000)
  to   space 2560K, 0% used [0x00000000d6d00000,0x00000000d6d00000,0x00000000d6f80000)
 ParOldGen       total 68608K, used 18412K [0x0000000080000000, 0x0000000084300000, 0x00000000d5580000)
  object space 68608K, 26% used [0x0000000080000000,0x00000000811fb2f0,0x0000000084300000)
 Metaspace       used 40049K, committed 41216K, reserved 1114112K
  class space    used 4288K, committed 4736K, reserved 1048576K
}
Event: 21.153 GC heap after
{Heap after GC invocations=17 (full 2):
 PSYoungGen      total 24576K, used 1984K [0x00000000d5580000, 0x00000000d7180000, 0x0000000100000000)
  eden space 22016K, 0% used [0x00000000d5580000,0x00000000d5580000,0x00000000d6b00000)
  from space 2560K, 77% used [0x00000000d6d00000,0x00000000d6ef0020,0x00000000d6f80000)
  to   space 2048K, 0% used [0x00000000d6f80000,0x00000000d6f80000,0x00000000d7180000)
 ParOldGen       total 68608K, used 19413K [0x0000000080000000, 0x0000000084300000, 0x00000000d5580000)
  object space 68608K, 28% used [0x0000000080000000,0x00000000812f5428,0x0000000084300000)
 Metaspace       used 40049K, committed 41216K, reserved 1114112K
  class space    used 4288K, committed 4736K, reserved 1048576K
}
Event: 21.939 GC heap before
{Heap before GC invocations=18 (full 2):
 PSYoungGen      total 24576K, used 24000K [0x00000000d5580000, 0x00000000d7180000, 0x0000000100000000)
  eden space 22016K, 100% used [0x00000000d5580000,0x00000000d6b00000,0x00000000d6b00000)
  from space 2560K, 77% used [0x00000000d6d00000,0x00000000d6ef0020,0x00000000d6f80000)
  to   space 2048K, 0% used [0x00000000d6f80000,0x00000000d6f80000,0x00000000d7180000)
 ParOldGen       total 68608K, used 19413K [0x0000000080000000, 0x0000000084300000, 0x00000000d5580000)
  object space 68608K, 28% used [0x0000000080000000,0x00000000812f5428,0x0000000084300000)
 Metaspace       used 42570K, committed 43776K, reserved 1114112K
  class space    used 4648K, committed 5184K, reserved 1048576K
}
Event: 21.952 GC heap after
{Heap after GC invocations=18 (full 2):
 PSYoungGen      total 23552K, used 1408K [0x00000000d5580000, 0x00000000d7100000, 0x0000000100000000)
  eden space 22016K, 0% used [0x00000000d5580000,0x00000000d5580000,0x00000000d6b00000)
  from space 1536K, 91% used [0x00000000d6f80000,0x00000000d70e0000,0x00000000d7100000)
  to   space 2048K, 0% used [0x00000000d6d00000,0x00000000d6d00000,0x00000000d6f00000)
 ParOldGen       total 68608K, used 21244K [0x0000000080000000, 0x0000000084300000, 0x00000000d5580000)
  object space 68608K, 30% used [0x0000000080000000,0x00000000814bf2c0,0x0000000084300000)
 Metaspace       used 42570K, committed 43776K, reserved 1114112K
  class space    used 4648K, committed 5184K, reserved 1048576K
}
Event: 22.714 GC heap before
{Heap before GC invocations=19 (full 2):
 PSYoungGen      total 23552K, used 23424K [0x00000000d5580000, 0x00000000d7100000, 0x0000000100000000)
  eden space 22016K, 100% used [0x00000000d5580000,0x00000000d6b00000,0x00000000d6b00000)
  from space 1536K, 91% used [0x00000000d6f80000,0x00000000d70e0000,0x00000000d7100000)
  to   space 2048K, 0% used [0x00000000d6d00000,0x00000000d6d00000,0x00000000d6f00000)
 ParOldGen       total 68608K, used 21244K [0x0000000080000000, 0x0000000084300000, 0x00000000d5580000)
  object space 68608K, 30% used [0x0000000080000000,0x00000000814bf2c0,0x0000000084300000)
 Metaspace       used 44789K, committed 46016K, reserved 1114112K
  class space    used 4890K, committed 5376K, reserved 1048576K
}
Event: 22.722 GC heap after
{Heap after GC invocations=19 (full 2):
 PSYoungGen      total 24064K, used 2042K [0x00000000d5580000, 0x00000000d7900000, 0x0000000100000000)
  eden space 22016K, 0% used [0x00000000d5580000,0x00000000d5580000,0x00000000d6b00000)
  from space 2048K, 99% used [0x00000000d6d00000,0x00000000d6efe998,0x00000000d6f00000)
  to   space 7168K, 0% used [0x00000000d7200000,0x00000000d7200000,0x00000000d7900000)
 ParOldGen       total 68608K, used 25484K [0x0000000080000000, 0x0000000084300000, 0x00000000d5580000)
  object space 68608K, 37% used [0x0000000080000000,0x00000000818e3178,0x0000000084300000)
 Metaspace       used 44789K, committed 46016K, reserved 1114112K
  class space    used 4890K, committed 5376K, reserved 1048576K
}
Event: 24.341 GC heap before
{Heap before GC invocations=20 (full 2):
 PSYoungGen      total 24064K, used 24058K [0x00000000d5580000, 0x00000000d7900000, 0x0000000100000000)
  eden space 22016K, 100% used [0x00000000d5580000,0x00000000d6b00000,0x00000000d6b00000)
  from space 2048K, 99% used [0x00000000d6d00000,0x00000000d6efe998,0x00000000d6f00000)
  to   space 7168K, 0% used [0x00000000d7200000,0x00000000d7200000,0x00000000d7900000)
 ParOldGen       total 68608K, used 25484K [0x0000000080000000, 0x0000000084300000, 0x00000000d5580000)
  object space 68608K, 37% used [0x0000000080000000,0x00000000818e3178,0x0000000084300000)
 Metaspace       used 46019K, committed 47168K, reserved 1114112K
  class space    used 5022K, committed 5504K, reserved 1048576K
}
Event: 24.348 GC heap after
{Heap after GC invocations=20 (full 2):
 PSYoungGen      total 23040K, used 576K [0x00000000d5580000, 0x00000000d7300000, 0x0000000100000000)
  eden space 22016K, 0% used [0x00000000d5580000,0x00000000d5580000,0x00000000d6b00000)
  from space 1024K, 56% used [0x00000000d7200000,0x00000000d7290000,0x00000000d7300000)
  to   space 3072K, 0% used [0x00000000d6d00000,0x00000000d6d00000,0x00000000d7000000)
 ParOldGen       total 68608K, used 27489K [0x0000000080000000, 0x0000000084300000, 0x00000000d5580000)
  object space 68608K, 40% used [0x0000000080000000,0x0000000081ad85d0,0x0000000084300000)
 Metaspace       used 46019K, committed 47168K, reserved 1114112K
  class space    used 5022K, committed 5504K, reserved 1048576K
}
Event: 24.735 GC heap before
{Heap before GC invocations=21 (full 2):
 PSYoungGen      total 23040K, used 22592K [0x00000000d5580000, 0x00000000d7300000, 0x0000000100000000)
  eden space 22016K, 100% used [0x00000000d5580000,0x00000000d6b00000,0x00000000d6b00000)
  from space 1024K, 56% used [0x00000000d7200000,0x00000000d7290000,0x00000000d7300000)
  to   space 3072K, 0% used [0x00000000d6d00000,0x00000000d6d00000,0x00000000d7000000)
 ParOldGen       total 68608K, used 27489K [0x0000000080000000, 0x0000000084300000, 0x00000000d5580000)
  object space 68608K, 40% used [0x0000000080000000,0x0000000081ad85d0,0x0000000084300000)
 Metaspace       used 46468K, committed 47616K, reserved 1114112K
  class space    used 5062K, committed 5568K, reserved 1048576K
}
Event: 24.739 GC heap after
{Heap after GC invocations=21 (full 2):
 PSYoungGen      total 25088K, used 2744K [0x00000000d5580000, 0x00000000d7280000, 0x0000000100000000)
  eden space 22016K, 0% used [0x00000000d5580000,0x00000000d5580000,0x00000000d6b00000)
  from space 3072K, 89% used [0x00000000d6d00000,0x00000000d6fae238,0x00000000d7000000)
  to   space 2560K, 0% used [0x00000000d7000000,0x00000000d7000000,0x00000000d7280000)
 ParOldGen       total 68608K, used 27999K [0x0000000080000000, 0x0000000084300000, 0x00000000d5580000)
  object space 68608K, 40% used [0x0000000080000000,0x0000000081b57fc8,0x0000000084300000)
 Metaspace       used 46468K, committed 47616K, reserved 1114112K
  class space    used 5062K, committed 5568K, reserved 1048576K
}
Event: 24.883 GC heap before
{Heap before GC invocations=22 (full 2):
 PSYoungGen      total 25088K, used 24760K [0x00000000d5580000, 0x00000000d7280000, 0x0000000100000000)
  eden space 22016K, 100% used [0x00000000d5580000,0x00000000d6b00000,0x00000000d6b00000)
  from space 3072K, 89% used [0x00000000d6d00000,0x00000000d6fae238,0x00000000d7000000)
  to   space 2560K, 0% used [0x00000000d7000000,0x00000000d7000000,0x00000000d7280000)
 ParOldGen       total 68608K, used 27999K [0x0000000080000000, 0x0000000084300000, 0x00000000d5580000)
  object space 68608K, 40% used [0x0000000080000000,0x0000000081b57fc8,0x0000000084300000)
 Metaspace       used 46473K, committed 47616K, reserved 1114112K
  class space    used 5062K, committed 5568K, reserved 1048576K
}
Event: 24.887 GC heap after
{Heap after GC invocations=22 (full 2):
 PSYoungGen      total 23040K, used 640K [0x00000000d5580000, 0x00000000d7100000, 0x0000000100000000)
  eden space 22016K, 0% used [0x00000000d5580000,0x00000000d5580000,0x00000000d6b00000)
  from space 1024K, 62% used [0x00000000d7000000,0x00000000d70a0000,0x00000000d7100000)
  to   space 1536K, 0% used [0x00000000d6e00000,0x00000000d6e00000,0x00000000d6f80000)
 ParOldGen       total 68608K, used 30718K [0x0000000080000000, 0x0000000084300000, 0x00000000d5580000)
  object space 68608K, 44% used [0x0000000080000000,0x0000000081dffa80,0x0000000084300000)
 Metaspace       used 46473K, committed 47616K, reserved 1114112K
  class space    used 5062K, committed 5568K, reserved 1048576K
}
Event: 25.066 GC heap before
{Heap before GC invocations=23 (full 2):
 PSYoungGen      total 23040K, used 22656K [0x00000000d5580000, 0x00000000d7100000, 0x0000000100000000)
  eden space 22016K, 100% used [0x00000000d5580000,0x00000000d6b00000,0x00000000d6b00000)
  from space 1024K, 62% used [0x00000000d7000000,0x00000000d70a0000,0x00000000d7100000)
  to   space 1536K, 0% used [0x00000000d6e00000,0x00000000d6e00000,0x00000000d6f80000)
 ParOldGen       total 68608K, used 30718K [0x0000000080000000, 0x0000000084300000, 0x00000000d5580000)
  object space 68608K, 44% used [0x0000000080000000,0x0000000081dffa80,0x0000000084300000)
 Metaspace       used 46473K, committed 47616K, reserved 1114112K
  class space    used 5062K, committed 5568K, reserved 1048576K
}
Event: 25.068 GC heap after
{Heap after GC invocations=23 (full 2):
 PSYoungGen      total 23552K, used 608K [0x00000000d5580000, 0x00000000d7080000, 0x0000000100000000)
  eden space 22016K, 0% used [0x00000000d5580000,0x00000000d5580000,0x00000000d6b00000)
  from space 1536K, 39% used [0x00000000d6e00000,0x00000000d6e98000,0x00000000d6f80000)
  to   space 1024K, 0% used [0x00000000d6f80000,0x00000000d6f80000,0x00000000d7080000)
 ParOldGen       total 68608K, used 31310K [0x0000000080000000, 0x0000000084300000, 0x00000000d5580000)
  object space 68608K, 45% used [0x0000000080000000,0x0000000081e93a80,0x0000000084300000)
 Metaspace       used 46473K, committed 47616K, reserved 1114112K
  class space    used 5062K, committed 5568K, reserved 1048576K
}
Event: 25.256 GC heap before
{Heap before GC invocations=24 (full 2):
 PSYoungGen      total 23552K, used 22624K [0x00000000d5580000, 0x00000000d7080000, 0x0000000100000000)
  eden space 22016K, 100% used [0x00000000d5580000,0x00000000d6b00000,0x00000000d6b00000)
  from space 1536K, 39% used [0x00000000d6e00000,0x00000000d6e98000,0x00000000d6f80000)
  to   space 1024K, 0% used [0x00000000d6f80000,0x00000000d6f80000,0x00000000d7080000)
 ParOldGen       total 68608K, used 31310K [0x0000000080000000, 0x0000000084300000, 0x00000000d5580000)
  object space 68608K, 45% used [0x0000000080000000,0x0000000081e93a80,0x0000000084300000)
 Metaspace       used 46573K, committed 47744K, reserved 1114112K
  class space    used 5065K, committed 5568K, reserved 1048576K
}
Event: 25.264 GC heap after
{Heap after GC invocations=24 (full 2):
 PSYoungGen      total 23040K, used 994K [0x00000000d5580000, 0x00000000d7100000, 0x0000000100000000)
  eden space 22016K, 0% used [0x00000000d5580000,0x00000000d5580000,0x00000000d6b00000)
  from space 1024K, 97% used [0x00000000d6f80000,0x00000000d7078af8,0x00000000d7080000)
  to   space 3072K, 0% used [0x00000000d6b00000,0x00000000d6b00000,0x00000000d6e00000)
 ParOldGen       total 68608K, used 32794K [0x0000000080000000, 0x0000000084300000, 0x00000000d5580000)
  object space 68608K, 47% used [0x0000000080000000,0x0000000082006a90,0x0000000084300000)
 Metaspace       used 46573K, committed 47744K, reserved 1114112K
  class space    used 5065K, committed 5568K, reserved 1048576K
}
Event: 25.380 GC heap before
{Heap before GC invocations=25 (full 2):
 PSYoungGen      total 23040K, used 23010K [0x00000000d5580000, 0x00000000d7100000, 0x0000000100000000)
  eden space 22016K, 100% used [0x00000000d5580000,0x00000000d6b00000,0x00000000d6b00000)
  from space 1024K, 97% used [0x00000000d6f80000,0x00000000d7078af8,0x00000000d7080000)
  to   space 3072K, 0% used [0x00000000d6b00000,0x00000000d6b00000,0x00000000d6e00000)
 ParOldGen       total 68608K, used 32794K [0x0000000080000000, 0x0000000084300000, 0x00000000d5580000)
  object space 68608K, 47% used [0x0000000080000000,0x0000000082006a90,0x0000000084300000)
 Metaspace       used 46573K, committed 47744K, reserved 1114112K
  class space    used 5065K, committed 5568K, reserved 1048576K
}
Event: 25.384 GC heap after
{Heap after GC invocations=25 (full 2):
 PSYoungGen      total 25088K, used 1371K [0x00000000d5580000, 0x00000000d7000000, 0x0000000100000000)
  eden space 22016K, 0% used [0x00000000d5580000,0x00000000d5580000,0x00000000d6b00000)
  from space 3072K, 44% used [0x00000000d6b00000,0x00000000d6c56e00,0x00000000d6e00000)
  to   space 2048K, 0% used [0x00000000d6e00000,0x00000000d6e00000,0x00000000d7000000)
 ParOldGen       total 68608K, used 33538K [0x0000000080000000, 0x0000000084300000, 0x00000000d5580000)
  object space 68608K, 48% used [0x0000000080000000,0x00000000820c0af0,0x0000000084300000)
 Metaspace       used 46573K, committed 47744K, reserved 1114112K
  class space    used 5065K, committed 5568K, reserved 1048576K
}
Event: 25.735 GC heap before
{Heap before GC invocations=26 (full 2):
 PSYoungGen      total 25088K, used 23387K [0x00000000d5580000, 0x00000000d7000000, 0x0000000100000000)
  eden space 22016K, 100% used [0x00000000d5580000,0x00000000d6b00000,0x00000000d6b00000)
  from space 3072K, 44% used [0x00000000d6b00000,0x00000000d6c56e00,0x00000000d6e00000)
  to   space 2048K, 0% used [0x00000000d6e00000,0x00000000d6e00000,0x00000000d7000000)
 ParOldGen       total 68608K, used 33538K [0x0000000080000000, 0x0000000084300000, 0x00000000d5580000)
  object space 68608K, 48% used [0x0000000080000000,0x00000000820c0af0,0x0000000084300000)
 Metaspace       used 47216K, committed 48320K, reserved 1114112K
  class space    used 5116K, committed 5568K, reserved 1048576K
}
Event: 25.742 GC heap after
{Heap after GC invocations=26 (full 2):
 PSYoungGen      total 23040K, used 2048K [0x00000000d5580000, 0x00000000d7300000, 0x0000000100000000)
  eden space 20992K, 0% used [0x00000000d5580000,0x00000000d5580000,0x00000000d6a00000)
  from space 2048K, 100% used [0x00000000d6e00000,0x00000000d7000000,0x00000000d7000000)
  to   space 4096K, 0% used [0x00000000d6a00000,0x00000000d6a00000,0x00000000d6e00000)
 ParOldGen       total 68608K, used 35096K [0x0000000080000000, 0x0000000084300000, 0x00000000d5580000)
  object space 68608K, 51% used [0x0000000080000000,0x0000000082246240,0x0000000084300000)
 Metaspace       used 47216K, committed 48320K, reserved 1114112K
  class space    used 5116K, committed 5568K, reserved 1048576K
}

Dll operation events (10 events):
Event: 0.022 Loaded shared library c:\Users\JUNAID LAPTOP\.vscode\extensions\redhat.java-1.50.0-win32-x64\jre\21.0.9-win32-x86_64\bin\java.dll
Event: 0.545 Loaded shared library c:\Users\JUNAID LAPTOP\.vscode\extensions\redhat.java-1.50.0-win32-x64\jre\21.0.9-win32-x86_64\bin\zip.dll
Event: 0.689 Loaded shared library C:\Users\JUNAID LAPTOP\.vscode\extensions\redhat.java-1.50.0-win32-x64\jre\21.0.9-win32-x86_64\bin\instrument.dll
Event: 0.737 Loaded shared library C:\Users\JUNAID LAPTOP\.vscode\extensions\redhat.java-1.50.0-win32-x64\jre\21.0.9-win32-x86_64\bin\net.dll
Event: 0.741 Loaded shared library C:\Users\JUNAID LAPTOP\.vscode\extensions\redhat.java-1.50.0-win32-x64\jre\21.0.9-win32-x86_64\bin\nio.dll
Event: 0.748 Loaded shared library C:\Users\JUNAID LAPTOP\.vscode\extensions\redhat.java-1.50.0-win32-x64\jre\21.0.9-win32-x86_64\bin\zip.dll
Event: 0.850 Loaded shared library C:\Users\JUNAID LAPTOP\.vscode\extensions\redhat.java-1.50.0-win32-x64\jre\21.0.9-win32-x86_64\bin\jimage.dll
Event: 1.128 Loaded shared library c:\Users\JUNAID LAPTOP\.vscode\extensions\redhat.java-1.50.0-win32-x64\jre\21.0.9-win32-x86_64\bin\verify.dll
Event: 5.173 Loaded shared library C:\Users\JUNAID LAPTOP\AppData\Roaming\Code\User\globalStorage\redhat.java\1.50.0\config_win\org.eclipse.equinox.launcher\org.eclipse.equinox.launcher.win32.win32.x86_64_1.2.1400.v20250801-0854\eclipse_11916.dll
Event: 9.325 Loaded shared library C:\Users\JUNAID LAPTOP\AppData\Local\Temp\jna--441131519\jna17274361908923085540.dll

Deoptimization events (20 events):
Event: 25.429 Thread 0x000001d1eed32390 Uncommon trap: trap_request=0xffffffde fr.pc=0x000001d19c0bd4d0 relative=0x00000000000006b0
Event: 25.429 Thread 0x000001d1eed32390 Uncommon trap: reason=class_check action=maybe_recompile pc=0x000001d19c0bd4d0 method=java.util.HashMap.putVal(ILjava/lang/Object;Ljava/lang/Object;ZZ)Ljava/lang/Object; @ 203 c2
Event: 25.429 Thread 0x000001d1eed32390 DEOPT PACKING pc=0x000001d19c0bd4d0 sp=0x000000ae614fe910
Event: 25.429 Thread 0x000001d1eed32390 DEOPT UNPACKING pc=0x000001d19bae3aa2 sp=0x000000ae614fe818 mode 2
Event: 25.446 Thread 0x000001d1eed32390 Uncommon trap: trap_request=0xffffffde fr.pc=0x000001d19c298f84 relative=0x0000000000000664
Event: 25.446 Thread 0x000001d1eed32390 Uncommon trap: reason=class_check action=maybe_recompile pc=0x000001d19c298f84 method=java.util.HashMap.putVal(ILjava/lang/Object;Ljava/lang/Object;ZZ)Ljava/lang/Object; @ 203 c2
Event: 25.446 Thread 0x000001d1eed32390 DEOPT PACKING pc=0x000001d19c298f84 sp=0x000000ae614fe870
Event: 25.446 Thread 0x000001d1eed32390 DEOPT UNPACKING pc=0x000001d19bae3aa2 sp=0x000000ae614fe810 mode 2
Event: 25.497 Thread 0x000001d1eed32390 Uncommon trap: trap_request=0xffffffde fr.pc=0x000001d19c142954 relative=0x00000000000004f4
Event: 25.497 Thread 0x000001d1eed32390 Uncommon trap: reason=class_check action=maybe_recompile pc=0x000001d19c142954 method=java.util.ImmutableCollections$MapN.probe(Ljava/lang/Object;)I @ 1 c2
Event: 25.497 Thread 0x000001d1eed32390 DEOPT PACKING pc=0x000001d19c142954 sp=0x000000ae614fe920
Event: 25.497 Thread 0x000001d1eed32390 DEOPT UNPACKING pc=0x000001d19bae3aa2 sp=0x000000ae614fe860 mode 2
Event: 25.663 Thread 0x000001d1eed32390 Uncommon trap: trap_request=0xffffff45 fr.pc=0x000001d19c10cbe4 relative=0x0000000000000604
Event: 25.663 Thread 0x000001d1eed32390 Uncommon trap: reason=unstable_if action=reinterpret pc=0x000001d19c10cbe4 method=java.lang.String.newStringUTF8NoRepl([BIIZ)Ljava/lang/String; @ 37 c2
Event: 25.663 Thread 0x000001d1eed32390 DEOPT PACKING pc=0x000001d19c10cbe4 sp=0x000000ae614febc0
Event: 25.664 Thread 0x000001d1eed32390 DEOPT UNPACKING pc=0x000001d19bae3aa2 sp=0x000000ae614feb70 mode 2
Event: 25.734 Thread 0x000001d1eed32390 Uncommon trap: trap_request=0xffffffde fr.pc=0x000001d19c371628 relative=0x00000000000000e8
Event: 25.734 Thread 0x000001d1eed32390 Uncommon trap: reason=class_check action=maybe_recompile pc=0x000001d19c371628 method=org.eclipse.jdt.internal.core.JavaElement.hashCode()I @ 8 c2
Event: 25.734 Thread 0x000001d1eed32390 DEOPT PACKING pc=0x000001d19c371628 sp=0x000000ae614fe6c0
Event: 25.734 Thread 0x000001d1eed32390 DEOPT UNPACKING pc=0x000001d19bae3aa2 sp=0x000000ae614fe650 mode 2

Classes loaded (20 events):
Event: 23.403 Loading class java/nio/file/FileTreeWalker$EventType
Event: 23.403 Loading class java/nio/file/FileTreeWalker$EventType done
Event: 23.404 Loading class java/nio/file/Files$3
Event: 23.404 Loading class java/nio/file/Files$3 done
Event: 23.404 Loading class sun/nio/fs/Globs
Event: 23.404 Loading class sun/nio/fs/Globs done
Event: 23.405 Loading class java/util/regex/Pattern$SliceU
Event: 23.405 Loading class java/util/regex/Pattern$SliceU done
Event: 23.405 Loading class sun/nio/fs/WindowsFileSystem$2
Event: 23.405 Loading class java/nio/file/PathMatcher
Event: 23.405 Loading class java/nio/file/PathMatcher done
Event: 23.405 Loading class sun/nio/fs/WindowsFileSystem$2 done
Event: 23.408 Loading class java/nio/file/FileVisitResult
Event: 23.408 Loading class java/nio/file/FileVisitResult done
Event: 25.497 Loading class java/util/AbstractList$ListItr
Event: 25.497 Loading class java/util/AbstractList$ListItr done
Event: 25.668 Loading class java/nio/file/InvalidPathException
Event: 25.668 Loading class java/nio/file/InvalidPathException done
Event: 25.751 Loading class java/lang/UnsupportedClassVersionError
Event: 25.751 Loading class java/lang/UnsupportedClassVersionError done

Classes unloaded (8 events):
Event: 11.001 Thread 0x000001d19140d540 Unloading class 0x000001d1a91aac00 'java/lang/invoke/LambdaForm$MH+0x000001d1a91aac00'
Event: 11.001 Thread 0x000001d19140d540 Unloading class 0x000001d1a91aa800 'java/lang/invoke/LambdaForm$MH+0x000001d1a91aa800'
Event: 11.001 Thread 0x000001d19140d540 Unloading class 0x000001d1a91aa400 'java/lang/invoke/LambdaForm$MH+0x000001d1a91aa400'
Event: 11.001 Thread 0x000001d19140d540 Unloading class 0x000001d1a91aa000 'java/lang/invoke/LambdaForm$MH+0x000001d1a91aa000'
Event: 11.001 Thread 0x000001d19140d540 Unloading class 0x000001d1a91a9c00 'java/lang/invoke/LambdaForm$BMH+0x000001d1a91a9c00'
Event: 11.001 Thread 0x000001d19140d540 Unloading class 0x000001d1a91a9800 'java/lang/invoke/LambdaForm$DMH+0x000001d1a91a9800'
Event: 11.001 Thread 0x000001d19140d540 Unloading class 0x000001d1a91a8400 'java/lang/invoke/LambdaForm$DMH+0x000001d1a91a8400'
Event: 19.889 Thread 0x000001d19140d540 Unloading class 0x000001d1a92a2c00 'java/lang/invoke/LambdaForm$MH+0x000001d1a92a2c00'

Classes redefined (0 events):
No events

Internal exceptions (20 events):
Event: 24.390 Thread 0x000001d1eed32390 Exception <a 'sun/nio/fs/WindowsException'{0x00000000d5618288}> (0x00000000d5618288) 
thrown [s\src\hotspot\share\prims\jni.cpp, line 520]
Event: 24.390 Thread 0x000001d1eed32390 Exception <a 'sun/nio/fs/WindowsException'{0x00000000d561b458}> (0x00000000d561b458) 
thrown [s\src\hotspot\share\prims\jni.cpp, line 520]
Event: 24.391 Thread 0x000001d1eed32390 Exception <a 'sun/nio/fs/WindowsException'{0x00000000d561e3d0}> (0x00000000d561e3d0) 
thrown [s\src\hotspot\share\prims\jni.cpp, line 520]
Event: 24.393 Thread 0x000001d1eed32390 Exception <a 'sun/nio/fs/WindowsException'{0x00000000d5621348}> (0x00000000d5621348) 
thrown [s\src\hotspot\share\prims\jni.cpp, line 520]
Event: 24.394 Thread 0x000001d1eed32390 Exception <a 'sun/nio/fs/WindowsException'{0x00000000d56242c0}> (0x00000000d56242c0) 
thrown [s\src\hotspot\share\prims\jni.cpp, line 520]
Event: 24.395 Thread 0x000001d1eed32390 Exception <a 'sun/nio/fs/WindowsException'{0x00000000d5627238}> (0x00000000d5627238) 
thrown [s\src\hotspot\share\prims\jni.cpp, line 520]
Event: 24.396 Thread 0x000001d1eed32390 Exception <a 'sun/nio/fs/WindowsException'{0x00000000d562a1b0}> (0x00000000d562a1b0) 
thrown [s\src\hotspot\share\prims\jni.cpp, line 520]
Event: 24.397 Thread 0x000001d1eed32390 Exception <a 'sun/nio/fs/WindowsException'{0x00000000d562d128}> (0x00000000d562d128) 
thrown [s\src\hotspot\share\prims\jni.cpp, line 520]
Event: 24.400 Thread 0x000001d1eed32390 Exception <a 'sun/nio/fs/WindowsException'{0x00000000d56300a0}> (0x00000000d56300a0) 
thrown [s\src\hotspot\share\prims\jni.cpp, line 520]
Event: 24.401 Thread 0x000001d1eed32390 Exception <a 'sun/nio/fs/WindowsException'{0x00000000d5633050}> (0x00000000d5633050) 
thrown [s\src\hotspot\share\prims\jni.cpp, line 520]
Event: 24.402 Thread 0x000001d1eed32390 Exception <a 'sun/nio/fs/WindowsException'{0x00000000d5635d70}> (0x00000000d5635d70) 
thrown [s\src\hotspot\share\prims\jni.cpp, line 520]
Event: 24.403 Thread 0x000001d1eed32390 Exception <a 'sun/nio/fs/WindowsException'{0x00000000d56389f0}> (0x00000000d56389f0) 
thrown [s\src\hotspot\share\prims\jni.cpp, line 520]
Event: 24.403 Thread 0x000001d1eed32390 Exception <a 'sun/nio/fs/WindowsException'{0x00000000d563b960}> (0x00000000d563b960) 
thrown [s\src\hotspot\share\prims\jni.cpp, line 520]
Event: 24.404 Thread 0x000001d1eed32390 Exception <a 'sun/nio/fs/WindowsException'{0x00000000d563e8c8}> (0x00000000d563e8c8) 
thrown [s\src\hotspot\share\prims\jni.cpp, line 520]
Event: 24.406 Thread 0x000001d1eed32390 Exception <a 'sun/nio/fs/WindowsException'{0x00000000d5641820}> (0x00000000d5641820) 
thrown [s\src\hotspot\share\prims\jni.cpp, line 520]
Event: 24.407 Thread 0x000001d1eed32390 Exception <a 'sun/nio/fs/WindowsException'{0x00000000d56449a8}> (0x00000000d56449a8) 
thrown [s\src\hotspot\share\prims\jni.cpp, line 520]
Event: 24.407 Thread 0x000001d1eed32390 Exception <a 'sun/nio/fs/WindowsException'{0x00000000d5647528}> (0x00000000d5647528) 
thrown [s\src\hotspot\share\prims\jni.cpp, line 520]
Event: 24.408 Thread 0x000001d1eed32390 Exception <a 'sun/nio/fs/WindowsException'{0x00000000d564c388}> (0x00000000d564c388) 
thrown [s\src\hotspot\share\prims\jni.cpp, line 520]
Event: 24.412 Thread 0x000001d1eed32390 Exception <a 'sun/nio/fs/WindowsException'{0x00000000d564ee38}> (0x00000000d564ee38) 
thrown [s\src\hotspot\share\prims\jni.cpp, line 520]
Event: 25.801 Thread 0x000001d1eed32390 Exception <a 'java/lang/NoSuchMethodError'{0x00000000d566c2d8}: 'int java.lang.invoke.Invokers$Holder.invokeExact_MT(java.lang.Object, java.lang.Object)'> (0x00000000d566c2d8) 
thrown [s\src\hotspot\share\interpreter\linkResolver.cpp, line 773]

ZGC Phase Switch (0 events):
No events

VM Operations (20 events):
Event: 22.714 Executing VM operation: ParallelGCFailedAllocation (Allocation Failure)
Event: 22.722 Executing VM operation: ParallelGCFailedAllocation (Allocation Failure) done
Event: 24.341 Executing VM operation: ParallelGCFailedAllocation (Allocation Failure)
Event: 24.348 Executing VM operation: ParallelGCFailedAllocation (Allocation Failure) done
Event: 24.735 Executing VM operation: ParallelGCFailedAllocation (Allocation Failure)
Event: 24.739 Executing VM operation: ParallelGCFailedAllocation (Allocation Failure) done
Event: 24.883 Executing VM operation: ParallelGCFailedAllocation (Allocation Failure)
Event: 24.887 Executing VM operation: ParallelGCFailedAllocation (Allocation Failure) done
Event: 25.066 Executing VM operation: ParallelGCFailedAllocation (Allocation Failure)
Event: 25.068 Executing VM operation: ParallelGCFailedAllocation (Allocation Failure) done
Event: 25.256 Executing VM operation: ParallelGCFailedAllocation (Allocation Failure)
Event: 25.264 Executing VM operation: ParallelGCFailedAllocation (Allocation Failure) done
Event: 25.380 Executing VM operation: ParallelGCFailedAllocation (Allocation Failure)
Event: 25.384 Executing VM operation: ParallelGCFailedAllocation (Allocation Failure) done
Event: 25.499 Executing VM operation: HandshakeAllThreads (Deoptimize)
Event: 25.499 Executing VM operation: HandshakeAllThreads (Deoptimize) done
Event: 25.715 Executing VM operation: HandshakeAllThreads (Deoptimize)
Event: 25.715 Executing VM operation: HandshakeAllThreads (Deoptimize) done
Event: 25.735 Executing VM operation: ParallelGCFailedAllocation (Allocation Failure)
Event: 25.742 Executing VM operation: ParallelGCFailedAllocation (Allocation Failure) done

Memory protections (0 events):
No events

Nmethod flushes (20 events):
Event: 19.906 Thread 0x000001d19140d540 flushing  nmethod 0x000001d194b87b10
Event: 19.906 Thread 0x000001d19140d540 flushing  nmethod 0x000001d194b87f10
Event: 19.906 Thread 0x000001d19140d540 flushing  nmethod 0x000001d194b88390
Event: 19.906 Thread 0x000001d19140d540 flushing  nmethod 0x000001d194b88f10
Event: 19.906 Thread 0x000001d19140d540 flushing  nmethod 0x000001d194b8be90
Event: 19.906 Thread 0x000001d19140d540 flushing  nmethod 0x000001d194b96790
Event: 19.906 Thread 0x000001d19140d540 flushing  nmethod 0x000001d194b96c90
Event: 19.906 Thread 0x000001d19140d540 flushing  nmethod 0x000001d194b96f90
Event: 19.906 Thread 0x000001d19140d540 flushing  nmethod 0x000001d194b9df90
Event: 19.906 Thread 0x000001d19140d540 flushing  nmethod 0x000001d194bc7a90
Event: 19.906 Thread 0x000001d19140d540 flushing  nmethod 0x000001d194bca890
Event: 19.906 Thread 0x000001d19140d540 flushing  nmethod 0x000001d194bcf010
Event: 19.906 Thread 0x000001d19140d540 flushing  nmethod 0x000001d194c01510
Event: 19.906 Thread 0x000001d19140d540 flushing  nmethod 0x000001d194c36410
Event: 19.906 Thread 0x000001d19140d540 flushing  nmethod 0x000001d194c38610
Event: 19.906 Thread 0x000001d19140d540 flushing osr nmethod 0x000001d194c54290
Event: 19.906 Thread 0x000001d19140d540 flushing  nmethod 0x000001d194c57f90
Event: 19.906 Thread 0x000001d19140d540 flushing  nmethod 0x000001d194c6cf10
Event: 19.906 Thread 0x000001d19140d540 flushing  nmethod 0x000001d194c6d890
Event: 19.906 Thread 0x000001d19140d540 flushing  nmethod 0x000001d194c89110

Events (20 events):
Event: 14.870 Thread 0x000001d1eeca30e0 Thread exited: 0x000001d1eeca30e0
Event: 14.886 Thread 0x000001d1912b5a60 Thread added: 0x000001d1ef51c890
Event: 15.725 Thread 0x000001d1ef51c890 Thread exited: 0x000001d1ef51c890
Event: 15.731 Thread 0x000001d1ee65bf20 Thread added: 0x000001d1eed302c0
Event: 19.725 Thread 0x000001d1912b5a60 Thread added: 0x000001d1f00d2f10
Event: 20.356 Thread 0x000001d1eed32390 Thread added: 0x000001d1eed2ef10
Event: 20.632 Thread 0x000001d1eed2ef10 Thread added: 0x000001d1eed2fc30
Event: 20.896 Thread 0x000001d191351b90 Thread added: 0x000001d1eed30950
Event: 20.897 Thread 0x000001d191351b90 Thread added: 0x000001d1eed31d00
Event: 20.897 Thread 0x000001d191351b90 Thread added: 0x000001d1f0ec0b00
Event: 20.898 Thread 0x000001d191351b90 Thread added: 0x000001d1f0ec3260
Event: 20.898 Thread 0x000001d191351b90 Thread added: 0x000001d1f0ec6050
Event: 20.924 Thread 0x000001d191351b90 Thread added: 0x000001d1f0ec66e0
Event: 21.494 Thread 0x000001d191351b90 Thread added: 0x000001d1f0ec1820
Event: 21.495 Thread 0x000001d191351b90 Thread added: 0x000001d1f0ec2bd0
Event: 22.635 Thread 0x000001d1eed31670 Thread added: 0x000001d1f0ec3f80
Event: 22.636 Thread 0x000001d1f0ec3f80 Thread added: 0x000001d1f0ec6d70
Event: 22.636 Thread 0x000001d1f0ec6d70 Thread added: 0x000001d1f0ebfde0
Event: 24.481 Thread 0x000001d1f00d2f10 Thread exited: 0x000001d1f00d2f10
Event: 24.536 Thread 0x000001d1912b5a60 Thread added: 0x000001d1f00d2f10


Dynamic libraries:
0x00007ff6b1a50000 - 0x00007ff6b1a5e000 	c:\Users\JUNAID LAPTOP\.vscode\extensions\redhat.java-1.50.0-win32-x64\jre\21.0.9-win32-x86_64\bin\java.exe
0x00007ff9be230000 - 0x00007ff9be428000 	C:\Windows\SYSTEM32\ntdll.dll
0x00007ff9bd470000 - 0x00007ff9bd532000 	C:\Windows\System32\KERNEL32.DLL
0x00007ff9bb8c0000 - 0x00007ff9bbbb6000 	C:\Windows\System32\KERNELBASE.dll
0x00007ff9bbeb0000 - 0x00007ff9bbfb0000 	C:\Windows\System32\ucrtbase.dll
0x00007ff98ea10000 - 0x00007ff98ea28000 	c:\Users\JUNAID LAPTOP\.vscode\extensions\redhat.java-1.50.0-win32-x64\jre\21.0.9-win32-x86_64\bin\jli.dll
0x00007ff9bde30000 - 0x00007ff9bdfd1000 	C:\Windows\System32\USER32.dll
0x00007ff9bbe80000 - 0x00007ff9bbea2000 	C:\Windows\System32\win32u.dll
0x00007ff9bd850000 - 0x00007ff9bd87b000 	C:\Windows\System32\GDI32.dll
0x00007ff9bbfb0000 - 0x00007ff9bc0c9000 	C:\Windows\System32\gdi32full.dll
0x00007ff9bbc50000 - 0x00007ff9bbced000 	C:\Windows\System32\msvcp_win.dll
0x00007ff98dcf0000 - 0x00007ff98dd0e000 	c:\Users\JUNAID LAPTOP\.vscode\extensions\redhat.java-1.50.0-win32-x64\jre\21.0.9-win32-x86_64\bin\VCRUNTIME140.dll
0x00007ff9a09d0000 - 0x00007ff9a0c6b000 	C:\Windows\WinSxS\amd64_microsoft.windows.common-controls_6595b64144ccf1df_6.0.19041.6456_none_60b8a6cb71f64256\COMCTL32.dll
0x00007ff9bc380000 - 0x00007ff9bc41e000 	C:\Windows\System32\msvcrt.dll
0x00007ff9bdfe0000 - 0x00007ff9be00f000 	C:\Windows\System32\IMM32.DLL
0x00007ff9a9160000 - 0x00007ff9a916c000 	c:\Users\JUNAID LAPTOP\.vscode\extensions\redhat.java-1.50.0-win32-x64\jre\21.0.9-win32-x86_64\bin\vcruntime140_1.dll
0x00007ff96fdb0000 - 0x00007ff96fe3d000 	c:\Users\JUNAID LAPTOP\.vscode\extensions\redhat.java-1.50.0-win32-x64\jre\21.0.9-win32-x86_64\bin\msvcp140.dll
0x00007ff95dab0000 - 0x00007ff95e850000 	c:\Users\JUNAID LAPTOP\.vscode\extensions\redhat.java-1.50.0-win32-x64\jre\21.0.9-win32-x86_64\bin\server\jvm.dll
0x00007ff9bd540000 - 0x00007ff9bd5f1000 	C:\Windows\System32\ADVAPI32.dll
0x00007ff9bd050000 - 0x00007ff9bd0ef000 	C:\Windows\System32\sechost.dll
0x00007ff9be010000 - 0x00007ff9be130000 	C:\Windows\System32\RPCRT4.dll
0x00007ff9bbe50000 - 0x00007ff9bbe77000 	C:\Windows\System32\bcrypt.dll
0x00007ff9bd7e0000 - 0x00007ff9bd84b000 	C:\Windows\System32\WS2_32.dll
0x00007ff9bae50000 - 0x00007ff9bae9b000 	C:\Windows\SYSTEM32\POWRPROF.dll
0x00007ff9b3730000 - 0x00007ff9b3757000 	C:\Windows\SYSTEM32\WINMM.dll
0x00007ff9b1800000 - 0x00007ff9b180a000 	C:\Windows\SYSTEM32\VERSION.dll
0x00007ff9bacc0000 - 0x00007ff9bacd2000 	C:\Windows\SYSTEM32\UMPDC.dll
0x00007ff9b9730000 - 0x00007ff9b9742000 	C:\Windows\SYSTEM32\kernel.appcore.dll
0x00007ff9a3fb0000 - 0x00007ff9a3fba000 	c:\Users\JUNAID LAPTOP\.vscode\extensions\redhat.java-1.50.0-win32-x64\jre\21.0.9-win32-x86_64\bin\jimage.dll
0x00007ff9b7150000 - 0x00007ff9b7351000 	C:\Windows\SYSTEM32\DBGHELP.DLL
0x00007ff9a7720000 - 0x00007ff9a7754000 	C:\Windows\SYSTEM32\dbgcore.DLL
0x00007ff9bbbc0000 - 0x00007ff9bbc42000 	C:\Windows\System32\bcryptPrimitives.dll
0x00007ff9a3e80000 - 0x00007ff9a3e8f000 	c:\Users\JUNAID LAPTOP\.vscode\extensions\redhat.java-1.50.0-win32-x64\jre\21.0.9-win32-x86_64\bin\instrument.dll
0x00007ff9864e0000 - 0x00007ff986500000 	c:\Users\JUNAID LAPTOP\.vscode\extensions\redhat.java-1.50.0-win32-x64\jre\21.0.9-win32-x86_64\bin\java.dll
0x00007ff9bc870000 - 0x00007ff9bcfe0000 	C:\Windows\System32\SHELL32.dll
0x00007ff9b9930000 - 0x00007ff9ba0d5000 	C:\Windows\SYSTEM32\windows.storage.dll
0x00007ff9bd110000 - 0x00007ff9bd464000 	C:\Windows\System32\combase.dll
0x00007ff9bb2f0000 - 0x00007ff9bb31b000 	C:\Windows\SYSTEM32\Wldp.dll
0x00007ff9bc5f0000 - 0x00007ff9bc6bd000 	C:\Windows\System32\OLEAUT32.dll
0x00007ff9bc530000 - 0x00007ff9bc5dd000 	C:\Windows\System32\SHCORE.dll
0x00007ff9bd880000 - 0x00007ff9bd8db000 	C:\Windows\System32\shlwapi.dll
0x00007ff9bb7f0000 - 0x00007ff9bb814000 	C:\Windows\SYSTEM32\profapi.dll
0x00007ff97e410000 - 0x00007ff97e428000 	c:\Users\JUNAID LAPTOP\.vscode\extensions\redhat.java-1.50.0-win32-x64\jre\21.0.9-win32-x86_64\bin\zip.dll
0x00007ff9a04c0000 - 0x00007ff9a04d0000 	C:\Users\JUNAID LAPTOP\.vscode\extensions\redhat.java-1.50.0-win32-x64\jre\21.0.9-win32-x86_64\bin\net.dll
0x00007ff9b1400000 - 0x00007ff9b150a000 	C:\Windows\SYSTEM32\WINHTTP.dll
0x00007ff9bb050000 - 0x00007ff9bb0ba000 	C:\Windows\system32\mswsock.dll
0x00007ff978360000 - 0x00007ff978376000 	C:\Users\JUNAID LAPTOP\.vscode\extensions\redhat.java-1.50.0-win32-x64\jre\21.0.9-win32-x86_64\bin\nio.dll
0x00007ff99a260000 - 0x00007ff99a270000 	c:\Users\JUNAID LAPTOP\.vscode\extensions\redhat.java-1.50.0-win32-x64\jre\21.0.9-win32-x86_64\bin\verify.dll
0x00007ff9712d0000 - 0x00007ff971314000 	C:\Users\JUNAID LAPTOP\AppData\Roaming\Code\User\globalStorage\redhat.java\1.50.0\config_win\org.eclipse.equinox.launcher\org.eclipse.equinox.launcher.win32.win32.x86_64_1.2.1400.v20250801-0854\eclipse_11916.dll
0x00007ff9bd6b0000 - 0x00007ff9bd7db000 	C:\Windows\System32\ole32.dll
0x00007ff9bb250000 - 0x00007ff9bb268000 	C:\Windows\SYSTEM32\CRYPTSP.dll
0x00007ff9ba900000 - 0x00007ff9ba938000 	C:\Windows\system32\rsaenh.dll
0x00007ff9bb770000 - 0x00007ff9bb79e000 	C:\Windows\SYSTEM32\USERENV.dll
0x00007ff9bb240000 - 0x00007ff9bb24c000 	C:\Windows\SYSTEM32\CRYPTBASE.dll
0x00007ff9bace0000 - 0x00007ff9bad1b000 	C:\Windows\SYSTEM32\IPHLPAPI.DLL
0x00007ff9bc250000 - 0x00007ff9bc258000 	C:\Windows\System32\NSI.dll
0x00007ff96c450000 - 0x00007ff96c499000 	C:\Users\JUNAID LAPTOP\AppData\Local\Temp\jna--441131519\jna17274361908923085540.dll
0x00007ff9bcfe0000 - 0x00007ff9bcfe8000 	C:\Windows\System32\PSAPI.DLL
0x00007ff9b29e0000 - 0x00007ff9b29f7000 	C:\Windows\SYSTEM32\dhcpcsvc6.DLL
0x00007ff9b4bb0000 - 0x00007ff9b4bcd000 	C:\Windows\SYSTEM32\dhcpcsvc.DLL

JVMTI agents:
c:\Users\JUNAID LAPTOP\.vscode\extensions\redhat.java-1.50.0-win32-x64\lombok\lombok-1.18.39-4050.jar path:c:\Users\JUNAID LAPTOP\.vscode\extensions\redhat.java-1.50.0-win32-x64\jre\21.0.9-win32-x86_64\bin\instrument.dll, loaded, initialized, instrumentlib options:none

dbghelp: loaded successfully - version: 4.0.5 - missing functions: none
symbol engine: initialized successfully - sym options: 0x614 - pdb path: .;c:\Users\JUNAID LAPTOP\.vscode\extensions\redhat.java-1.50.0-win32-x64\jre\21.0.9-win32-x86_64\bin;C:\Windows\SYSTEM32;C:\Windows\WinSxS\amd64_microsoft.windows.common-controls_6595b64144ccf1df_6.0.19041.6456_none_60b8a6cb71f64256;c:\Users\JUNAID LAPTOP\.vscode\extensions\redhat.java-1.50.0-win32-x64\jre\21.0.9-win32-x86_64\bin\server;C:\Users\JUNAID LAPTOP\AppData\Roaming\Code\User\globalStorage\redhat.java\1.50.0\config_win\org.eclipse.equinox.launcher\org.eclipse.equinox.launcher.win32.win32.x86_64_1.2.1400.v20250801-0854;C:\Users\JUNAID LAPTOP\AppData\Local\Temp\jna--441131519

VM Arguments:
jvm_args: --add-modules=ALL-SYSTEM --add-opens=java.base/java.util=ALL-UNNAMED --add-opens=java.base/java.lang=ALL-UNNAMED --add-opens=java.base/sun.nio.fs=ALL-UNNAMED -Declipse.application=org.eclipse.jdt.ls.core.id1 -Dosgi.bundles.defaultStartLevel=4 -Declipse.product=org.eclipse.jdt.ls.core.product -Djava.import.generatesMetadataFilesAtProjectRoot=false -DDetectVMInstallationsJob.disabled=true -Dfile.encoding=utf8 -XX:+UseParallelGC -XX:GCTimeRatio=4 -XX:AdaptiveSizePolicyWeight=90 -Dsun.zip.disableMemoryMapping=true -Xmx2G -Xms100m -Xlog:disable -javaagent:c:\Users\JUNAID LAPTOP\.vscode\extensions\redhat.java-1.50.0-win32-x64\lombok\lombok-1.18.39-4050.jar -XX:+HeapDumpOnOutOfMemoryError -XX:HeapDumpPath=c:\Users\JUNAID LAPTOP\AppData\Roaming\Code\User\workspaceStorage\52e0d409e2861fc0da9159cd0167b7cf\redhat.java -Daether.dependencyCollector.impl=bf 
java_command: c:\Users\JUNAID LAPTOP\.vscode\extensions\redhat.java-1.50.0-win32-x64\server\plugins\org.eclipse.equinox.launcher_1.7.100.v20251111-0406.jar -configuration c:\Users\JUNAID LAPTOP\AppData\Roaming\Code\User\globalStorage\redhat.java\1.50.0\config_win -data c:\Users\JUNAID LAPTOP\AppData\Roaming\Code\User\workspaceStorage\52e0d409e2861fc0da9159cd0167b7cf\redhat.java\jdt_ws --pipe=\\.\pipe\lsp-27c67b916d619544e30f105022498aa4-sock
java_class_path (initial): c:\Users\JUNAID LAPTOP\.vscode\extensions\redhat.java-1.50.0-win32-x64\server\plugins\org.eclipse.equinox.launcher_1.7.100.v20251111-0406.jar
Launcher Type: SUN_STANDARD

[Global flags]
    uintx AdaptiveSizePolicyWeight                 = 90                                        {product} {command line}
     intx CICompilerCount                          = 3                                         {product} {ergonomic}
    uintx GCTimeRatio                              = 4                                         {product} {command line}
     bool HeapDumpOnOutOfMemoryError               = true                                   {manageable} {command line}
    ccstr HeapDumpPath                             = c:\Users\JUNAID LAPTOP\AppData\Roaming\Code\User\workspaceStorage\52e0d409e2861fc0da9159cd0167b7cf\redhat.java         {manageable} {command line}
   size_t InitialHeapSize                          = 104857600                                 {product} {command line}
   size_t MaxHeapSize                              = 2147483648                                {product} {command line}
   size_t MaxNewSize                               = 715653120                                 {product} {ergonomic}
   size_t MinHeapDeltaBytes                        = 524288                                    {product} {ergonomic}
   size_t MinHeapSize                              = 104857600                                 {product} {command line}
   size_t NewSize                                  = 34603008                                  {product} {ergonomic}
    uintx NonNMethodCodeHeapSize                   = 5832780                                {pd product} {ergonomic}
    uintx NonProfiledCodeHeapSize                  = 122912730                              {pd product} {ergonomic}
   size_t OldSize                                  = 70254592                                  {product} {ergonomic}
    uintx ProfiledCodeHeapSize                     = 122912730                              {pd product} {ergonomic}
    uintx ReservedCodeCacheSize                    = 251658240                              {pd product} {ergonomic}
     bool SegmentedCodeCache                       = true                                      {product} {ergonomic}
   size_t SoftMaxHeapSize                          = 2147483648                             {manageable} {ergonomic}
     bool UseCompressedOops                        = true                           {product lp64_product} {ergonomic}
     bool UseLargePagesIndividualAllocation        = false                                  {pd product} {ergonomic}
     bool UseParallelGC                            = true                                      {product} {command line}

Logging:
Log output configuration:
 #0: stdout all=off uptime,level,tags foldmultilines=false
 #1: stderr all=off uptime,level,tags foldmultilines=false

Release file:
JAVA_VERSION="21.0.9" 
MODULES="java.base java.compiler java.datatransfer java.xml java.prefs java.desktop java.instrument java.logging java.management java.security.sasl java.naming java.rmi java.management.rmi java.net.http java.scripting java.security.jgss java.transaction.xa java.sql java.sql.rowset java.xml.crypto java.se java.smartcardio jdk.accessibility jdk.internal.jvmstat jdk.attach jdk.charsets jdk.internal.opt jdk.zipfs jdk.compiler jdk.crypto.ec jdk.crypto.cryptoki jdk.crypto.mscapi jdk.dynalink jdk.internal.ed jdk.editpad jdk.hotspot.agent jdk.httpserver jdk.internal.le jdk.internal.vm.ci jdk.internal.vm.compiler jdk.internal.vm.compiler.management jdk.jartool jdk.javadoc jdk.jcmd jdk.management jdk.management.agent jdk.jconsole jdk.jdeps jdk.jdwp.agent jdk.jdi jdk.jfr jdk.jshell jdk.jsobject jdk.jstatd jdk.localedata jdk.management.jfr jdk.naming.dns jdk.naming.rmi jdk.net jdk.nio.mapmode jdk.random jdk.sctp jdk.security.auth jdk.security.jgss jdk.unsupported jdk.unsupported.desktop jdk.xml.dom" 

Environment Variables:
PATH=C:\Program Files (x86)\Common Files\Oracle\Java\javapath;C:\Windows\system32;C:\Windows;C:\Windows\System32\Wbem;C:\Windows\System32\WindowsPowerShell\v1.0\;C:\Windows\System32\OpenSSH\;C:\mingw32\bin;C:\Program Files\Microsoft\Web Platform Installer\;C:\Program Files (x86)\Microsoft ASP.NET\ASP.NET Web Pages\v1.0\;C:\Program Files (x86)\Windows Kits\8.0\Windows Performance Toolkit\;C:\Program Files\Microsoft SQL Server\110\Tools\Binn\;C:\Program Files\Git\cmd;C:\Users\JUNAID LAPTOP\AppData\Local\Programs\Python\Python310\Scripts\;C:\Users\JUNAID LAPTOP\AppData\Local\Programs\Python\Python310\;C:\Users\JUNAID LAPTOP\AppData\Local\Microsoft\WindowsApps;C:\Users\JUNAID LAPTOP\AppData\Local\Programs\Microsoft VS Code\bin;C:\Users\JUNAID LAPTOP\AppData\Local\GitHubDesktop\bin;C:\ProgramData\JUNAID LAPTOP\GitHubDesktop\bin
USERNAME=JUNAID LAPTOP
OS=Windows_NT
PROCESSOR_IDENTIFIER=Intel64 Family 6 Model 61 Stepping 4, GenuineIntel
TMP=C:\Users\JUNAID~1\AppData\Local\Temp
TEMP=C:\Users\JUNAID~1\AppData\Local\Temp




Periodic native trim disabled

---------------  S Y S T E M  ---------------

OS:
 Windows 10 , 64 bit Build 19041 (10.0.19041.5915)
OS uptime: 3 days 20:13 hours

CPU: total 4 (initial active 4) (2 cores per cpu, 2 threads per core) family 6 model 61 stepping 4 microcode 0x2d, cx8, cmov, fxsr, ht, mmx, 3dnowpref, sse, sse2, sse3, ssse3, sse4.1, sse4.2, popcnt, lzcnt, tsc, tscinvbit, avx, avx2, aes, erms, clmul, bmi1, bmi2, adx, fma, vzeroupper, clflush, rdtscp, f16c
Processor Information for the first 4 processors :
  Max Mhz: 1995, Current Mhz: 1995, Mhz Limit: 1995

Memory: 4k page, system-wide physical 7812M (1693M free)
TotalPageFile size 12665M (AvailPageFile size 19M)
current process WorkingSet (physical memory assigned to process): 235M, peak: 238M
current process commit charge ("private bytes"): 334M, peak: 344M

vm_info: OpenJDK 64-Bit Server VM (21.0.9+10-LTS) for windows-amd64 JRE (21.0.9+10-LTS), built on 2025-10-21T00:00:00Z by "admin" with unknown MS VC++:1942

END.
