#
# There is insufficient memory for the Java Runtime Environment to continue.
# Native memory allocation (mmap) failed to map 65536 bytes. Error detail: Failed to commit metaspace.
# Possible reasons:
#   The system is out of physical RAM or swap space
#   This process is running with CompressedOops enabled, and the Java Heap may be blocking the growth of the native heap
# Possible solutions:
#   Reduce memory load on the system
#   Increase physical memory or swap space
#   Check if swap backing store is full
#   Decrease Java heap size (-Xmx/-Xms)
#   Decrease number of Java threads
#   Decrease Java thread stack sizes (-Xss)
#   Set larger code cache with -XX:ReservedCodeCacheSize=
#   JVM is running with Unscaled Compressed Oops mode in which the Java heap is
#     placed in the first 4GB address space. The Java Heap base address is the
#     maximum limit for the native heap growth. Please use -XX:HeapBaseMinAddress
#     to set the Java Heap base and to place the Java Heap above 4GB virtual address.
# This output file may be truncated or incomplete.
#
#  Out of Memory Error (virtualSpaceNode.cpp:113), pid=7196, tid=8688
#
# JRE version: OpenJDK Runtime Environment Temurin-21.0.9+10 (21.0.9+10) (build 21.0.9+10-LTS)
# Java VM: OpenJDK 64-Bit Server VM Temurin-21.0.9+10 (21.0.9+10-LTS, mixed mode, sharing, tiered, compressed oops, compressed class ptrs, parallel gc, windows-amd64)
# No core dump will be written. Minidumps are not enabled by default on client versions of Windows
#

---------------  S U M M A R Y ------------

Command Line: --add-modules=ALL-SYSTEM --add-opens=java.base/java.util=ALL-UNNAMED --add-opens=java.base/java.lang=ALL-UNNAMED --add-opens=java.base/sun.nio.fs=ALL-UNNAMED -Declipse.application=org.eclipse.jdt.ls.core.id1 -Dosgi.bundles.defaultStartLevel=4 -Declipse.product=org.eclipse.jdt.ls.core.product -Djava.import.generatesMetadataFilesAtProjectRoot=false -DDetectVMInstallationsJob.disabled=true -Dfile.encoding=utf8 -XX:+UseParallelGC -XX:GCTimeRatio=4 -XX:AdaptiveSizePolicyWeight=90 -Dsun.zip.disableMemoryMapping=true -Xmx2G -Xms100m -Xlog:disable -javaagent:c:\Users\JUNAID LAPTOP\.vscode\extensions\redhat.java-1.50.0-win32-x64\lombok\lombok-1.18.39-4050.jar c:\Users\JUNAID LAPTOP\.vscode\extensions\redhat.java-1.50.0-win32-x64\server\plugins\org.eclipse.equinox.launcher_1.7.100.v20251111-0406.jar -configuration c:\Users\JUNAID LAPTOP\AppData\Roaming\Code\User\globalStorage\redhat.java\1.50.0\config_ss_win -data c:\Users\JUNAID LAPTOP\AppData\Roaming\Code\User\workspaceStorage\52e0d409e2861fc0da9159cd0167b7cf\redhat.java\ss_ws --pipe=\\.\pipe\lsp-0ec7e025a322189a94170379e956556c-sock

Host: Intel(R) Core(TM) i3-5005U CPU @ 2.00GHz, 4 cores, 7G,  Windows 10 , 64 bit Build 19041 (10.0.19041.5915)
Time: Thu Nov 27 20:27:44 2025 Pakistan Standard Time elapsed time: 0.704281 seconds (0d 0h 0m 0s)

---------------  T H R E A D  ---------------

Current thread (0x0000023e0da15180):  JavaThread "main"             [_thread_in_vm, id=8688, stack(0x0000007930700000,0x0000007930800000) (1024K)]

Stack: [0x0000007930700000,0x0000007930800000]
Native frames: (J=compiled Java code, j=interpreted, Vv=VM code, C=native code)
V  [jvm.dll+0x6d6e29]
V  [jvm.dll+0x8b4b76]
V  [jvm.dll+0x8b712e]
V  [jvm.dll+0x8b7813]
V  [jvm.dll+0x283d86]
V  [jvm.dll+0x8b08be]
V  [jvm.dll+0x678824]
V  [jvm.dll+0x1e80ab]
V  [jvm.dll+0x1e7e6e]
V  [jvm.dll+0x67b122]
V  [jvm.dll+0x67af52]
V  [jvm.dll+0x6791fe]
V  [jvm.dll+0x3c6dd3]
V  [jvm.dll+0x21151b]
V  [jvm.dll+0x5b5a39]
V  [jvm.dll+0x82dee6]
V  [jvm.dll+0x478438]
V  [jvm.dll+0x47e268]
C  [java.dll+0x17ec]

Java frames: (J=compiled Java code, j=interpreted, Vv=VM code)
j  java.lang.ClassLoader.defineClass1(Ljava/lang/ClassLoader;Ljava/lang/String;[BIILjava/security/ProtectionDomain;Ljava/lang/String;)Ljava/lang/Class;+0 java.base@21.0.9
j  java.lang.ClassLoader.defineClass(Ljava/lang/String;[BIILjava/security/ProtectionDomain;)Ljava/lang/Class;+27 java.base@21.0.9
j  java.lang.ClassLoader.defineClass(Ljava/lang/String;[BII)Ljava/lang/Class;+7 java.base@21.0.9
j  lombok.launch.ShadowClassLoader.urlToDefineClass(Ljava/lang/String;Ljava/net/URL;Z)Ljava/lang/Class;+155
j  lombok.launch.ShadowClassLoader.loadClass(Ljava/lang/String;Z)Ljava/lang/Class;+238
j  java.lang.ClassLoader.loadClass(Ljava/lang/String;)Ljava/lang/Class;+3 java.base@21.0.9
v  ~StubRoutines::call_stub 0x0000023e1a45100d
j  lombok.eclipse.agent.EclipseLoaderPatcher.patchEquinoxLoaders(Llombok/patcher/ScriptManager;Ljava/lang/Class;)V+322
j  lombok.eclipse.agent.EclipsePatcher.registerPatchScripts(Ljava/lang/instrument/Instrumentation;ZLjava/lang/Class;)V+44
j  lombok.eclipse.agent.EclipsePatcher.runAgent(Ljava/lang/String;Ljava/lang/instrument/Instrumentation;ZLjava/lang/Class;)V+4
j  lombok.core.AgentLauncher.runAgents(Ljava/lang/String;Ljava/lang/instrument/Instrumentation;ZLjava/lang/Class;)V+62
j  java.lang.invoke.LambdaForm$DMH+0x0000023e28004800.invokeStatic(Ljava/lang/Object;Ljava/lang/Object;Ljava/lang/Object;ILjava/lang/Object;)V+16 java.base@21.0.9
j  java.lang.invoke.LambdaForm$MH+0x0000023e28008c00.invoke(Ljava/lang/Object;Ljava/lang/Object;Ljava/lang/Object;)Ljava/lang/Object;+124 java.base@21.0.9
j  java.lang.invoke.Invokers$Holder.invokeExact_MT(Ljava/lang/Object;Ljava/lang/Object;Ljava/lang/Object;Ljava/lang/Object;)Ljava/lang/Object;+20 java.base@21.0.9
j  jdk.internal.reflect.DirectMethodHandleAccessor.invokeImpl(Ljava/lang/Object;[Ljava/lang/Object;)Ljava/lang/Object;+104 java.base@21.0.9
j  jdk.internal.reflect.DirectMethodHandleAccessor.invoke(Ljava/lang/Object;[Ljava/lang/Object;)Ljava/lang/Object;+23 java.base@21.0.9
j  java.lang.reflect.Method.invoke(Ljava/lang/Object;[Ljava/lang/Object;)Ljava/lang/Object;+102 java.base@21.0.9
j  lombok.launch.Agent.runLauncher(Ljava/lang/String;Ljava/lang/instrument/Instrumentation;Z)V+73
j  lombok.launch.Agent.premain(Ljava/lang/String;Ljava/lang/instrument/Instrumentation;)V+3
j  java.lang.invoke.LambdaForm$DMH+0x0000023e28000c00.invokeStatic(Ljava/lang/Object;Ljava/lang/Object;Ljava/lang/Object;)V+11 java.base@21.0.9
j  java.lang.invoke.LambdaForm$MH+0x0000023e28002800.invoke(Ljava/lang/Object;Ljava/lang/Object;Ljava/lang/Object;Ljava/lang/Object;)Ljava/lang/Object;+54 java.base@21.0.9
j  java.lang.invoke.LambdaForm$MH+0x0000023e28002c00.invokeExact_MT(Ljava/lang/Object;Ljava/lang/Object;Ljava/lang/Object;Ljava/lang/Object;Ljava/lang/Object;)Ljava/lang/Object;+22 java.base@21.0.9
j  jdk.internal.reflect.DirectMethodHandleAccessor.invokeImpl(Ljava/lang/Object;[Ljava/lang/Object;)Ljava/lang/Object;+72 java.base@21.0.9
j  jdk.internal.reflect.DirectMethodHandleAccessor.invoke(Ljava/lang/Object;[Ljava/lang/Object;)Ljava/lang/Object;+23 java.base@21.0.9
j  java.lang.reflect.Method.invoke(Ljava/lang/Object;[Ljava/lang/Object;)Ljava/lang/Object;+102 java.base@21.0.9
j  sun.instrument.InstrumentationImpl.loadClassAndStartAgent(Ljava/lang/String;Ljava/lang/String;Ljava/lang/String;)V+165 java.instrument@21.0.9
j  sun.instrument.InstrumentationImpl.loadClassAndCallPremain(Ljava/lang/String;Ljava/lang/String;)V+6 java.instrument@21.0.9
v  ~StubRoutines::call_stub 0x0000023e1a45100d

---------------  P R O C E S S  ---------------

Threads class SMR info:
_java_thread_list=0x0000023e6858ecb0, length=10, elements={
0x0000023e0da15180, 0x0000023e266f9460, 0x0000023e266fa9a0, 0x0000023e26700260,
0x0000023e26701cc0, 0x0000023e26703060, 0x0000023e267045b0, 0x0000023e26714aa0,
0x0000023e267177b0, 0x0000023e68588a90
}

Java Threads: ( => current thread )
=>0x0000023e0da15180 JavaThread "main"                              [_thread_in_vm, id=8688, stack(0x0000007930700000,0x0000007930800000) (1024K)]
  0x0000023e266f9460 JavaThread "Reference Handler"          daemon [_thread_blocked, id=16020, stack(0x0000007930b00000,0x0000007930c00000) (1024K)]
  0x0000023e266fa9a0 JavaThread "Finalizer"                  daemon [_thread_blocked, id=9976, stack(0x0000007930c00000,0x0000007930d00000) (1024K)]
  0x0000023e26700260 JavaThread "Signal Dispatcher"          daemon [_thread_blocked, id=14096, stack(0x0000007930d00000,0x0000007930e00000) (1024K)]
  0x0000023e26701cc0 JavaThread "Attach Listener"            daemon [_thread_blocked, id=15328, stack(0x0000007930e00000,0x0000007930f00000) (1024K)]
  0x0000023e26703060 JavaThread "Service Thread"             daemon [_thread_blocked, id=14024, stack(0x0000007930f00000,0x0000007931000000) (1024K)]
  0x0000023e267045b0 JavaThread "Monitor Deflation Thread"   daemon [_thread_blocked, id=12900, stack(0x0000007931000000,0x0000007931100000) (1024K)]
  0x0000023e26714aa0 JavaThread "C2 CompilerThread0"         daemon [_thread_in_native, id=12984, stack(0x0000007931100000,0x0000007931200000) (1024K)]
  0x0000023e267177b0 JavaThread "C1 CompilerThread0"         daemon [_thread_blocked, id=15156, stack(0x0000007931200000,0x0000007931300000) (1024K)]
  0x0000023e68588a90 JavaThread "Common-Cleaner"             daemon [_thread_blocked, id=11976, stack(0x0000007931300000,0x0000007931400000) (1024K)]
Total: 10

Other Threads:
  0x0000023e0fdcd830 VMThread "VM Thread"                           [id=776, stack(0x0000007930a00000,0x0000007930b00000) (1024K)]
  0x0000023e0fd79cf0 WatcherThread "VM Periodic Task Thread"        [id=14608, stack(0x0000007930900000,0x0000007930a00000) (1024K)]
  0x0000023e0fd2d5f0 WorkerThread "GC Thread#0"                     [id=11836, stack(0x0000007930800000,0x0000007930900000) (1024K)]
Total: 3

Threads with active compile tasks:
C2 CompilerThread0  730  499 %     4       java.lang.StringLatin1::replace @ 13 (198 bytes)
Total: 1

VM state: not at safepoint (normal execution)

VM Mutex/Monitor currently owned by a thread:  ([mutex/lock_event])
[0x00007ff95e76b4f0] Metaspace_lock - owner thread: 0x0000023e0da15180

Heap address: 0x0000000080000000, size: 2048 MB, Compressed Oops mode: 32-bit

CDS archive(s) mapped at: [0x0000023e27000000-0x0000023e27ba0000-0x0000023e27ba0000), size 12189696, SharedBaseAddress: 0x0000023e27000000, ArchiveRelocationMode: 1.
Compressed class space mapped at: 0x0000023e28000000-0x0000023e68000000, reserved size: 1073741824
Narrow klass base: 0x0000023e27000000, Narrow klass shift: 0, Narrow klass range: 0x100000000

GC Precious Log:
 CardTable entry size: 512
 CPUs: 4 total, 4 available
 Memory: 7812M
 Large Page Support: Disabled
 NUMA Support: Disabled
 Compressed Oops: Enabled (32-bit)
 Alignments: Space 512K, Generation 512K, Heap 2M
 Heap Min Capacity: 100M
 Heap Initial Capacity: 100M
 Heap Max Capacity: 2G
 Pre-touch: Disabled
 Parallel Workers: 4

Heap:
 PSYoungGen      total 29696K, used 8713K [0x00000000d5580000, 0x00000000d7680000, 0x0000000100000000)
  eden space 25600K, 34% used [0x00000000d5580000,0x00000000d5e025e0,0x00000000d6e80000)
  from space 4096K, 0% used [0x00000000d7280000,0x00000000d7280000,0x00000000d7680000)
  to   space 4096K, 0% used [0x00000000d6e80000,0x00000000d6e80000,0x00000000d7280000)
 ParOldGen       total 68608K, used 0K [0x0000000080000000, 0x0000000084300000, 0x00000000d5580000)
  object space 68608K, 0% used [0x0000000080000000,0x0000000080000000,0x0000000084300000)
 Metaspace       used 1064K, committed 1152K, reserved 1114112K
  class space    used 95K, committed 128K, reserved 1048576K

Card table byte_map: [0x0000023e0f6f0000,0x0000023e0fb00000] _byte_map_base: 0x0000023e0f2f0000

Marking Bits: (ParMarkBitMap*) 0x00007ff95e772460
 Begin Bits: [0x0000023e221d0000, 0x0000023e241d0000)
 End Bits:   [0x0000023e241d0000, 0x0000023e261d0000)

Polling page: 0x0000023e0f4e0000

Metaspace:

Usage:
  Non-class:    968.87 KB used.
      Class:     95.47 KB used.
       Both:      1.04 MB used.

Virtual space:
  Non-class space:       64.00 MB reserved,       1.00 MB (  2%) committed,  1 nodes.
      Class space:        1.00 GB reserved,     128.00 KB ( <1%) committed,  1 nodes.
             Both:        1.06 GB reserved,       1.12 MB ( <1%) committed. 

Chunk freelists:
   Non-Class:  11.69 MB
       Class:  15.67 MB
        Both:  27.36 MB

MaxMetaspaceSize: unlimited
CompressedClassSpaceSize: 1.00 GB
Initial GC threshold: 21.00 MB
Current GC threshold: 21.00 MB
CDS: on
 - commit_granule_bytes: 65536.
 - commit_granule_words: 8192.
 - virtual_space_node_default_size: 8388608.
 - enlarge_chunks_in_place: 1.
 - use_allocation_guard: 0.


Internal statistics:

num_allocs_failed_limit: 0.
num_arena_births: 74.
num_arena_deaths: 0.
num_vsnodes_births: 2.
num_vsnodes_deaths: 0.
num_space_committed: 18.
num_space_uncommitted: 0.
num_chunks_returned_to_freelist: 0.
num_chunks_taken_from_freelist: 94.
num_chunk_merges: 0.
num_chunk_splits: 66.
num_chunks_enlarged: 42.
num_inconsistent_stats: 0.

CodeHeap 'non-profiled nmethods': size=120000Kb used=166Kb max_used=166Kb free=119833Kb
 bounds [0x0000023e1a9f0000, 0x0000023e1ac60000, 0x0000023e21f20000]
CodeHeap 'profiled nmethods': size=120000Kb used=690Kb max_used=690Kb free=119309Kb
 bounds [0x0000023e12f20000, 0x0000023e13190000, 0x0000023e1a450000]
CodeHeap 'non-nmethods': size=5760Kb used=1147Kb max_used=1161Kb free=4612Kb
 bounds [0x0000023e1a450000, 0x0000023e1a6c0000, 0x0000023e1a9f0000]
CodeCache: size=245760Kb, used=2003Kb, max_used=2017Kb, free=243754Kb
 total_blobs=899, nmethods=503, adapters=303, full_count=0
Compilation: enabled, stopped_count=0, restarted_count=0

Compilation events (20 events):
Event: 0.676 Thread 0x0000023e267177b0  494       3       java.lang.Character::isLetterOrDigit (5 bytes)
Event: 0.676 Thread 0x0000023e267177b0 nmethod 494 0x0000023e12fc3210 code [0x0000023e12fc33e0, 0x0000023e12fc36f0]
Event: 0.676 Thread 0x0000023e267177b0  495       3       java.lang.Character::isLetterOrDigit (19 bytes)
Event: 0.677 Thread 0x0000023e267177b0 nmethod 495 0x0000023e12fc3810 code [0x0000023e12fc39e0, 0x0000023e12fc3c88]
Event: 0.680 Thread 0x0000023e267177b0  496       3       java.lang.String::regionMatches (150 bytes)
Event: 0.681 Thread 0x0000023e267177b0 nmethod 496 0x0000023e12fc3d90 code [0x0000023e12fc3fe0, 0x0000023e12fc47a8]
Event: 0.681 Thread 0x0000023e267177b0  497       3       java.lang.StringLatin1::regionMatchesCI (45 bytes)
Event: 0.681 Thread 0x0000023e267177b0 nmethod 497 0x0000023e12fc4a90 code [0x0000023e12fc4c60, 0x0000023e12fc4f18]
Event: 0.686 Thread 0x0000023e267177b0  498       3       java.net.URL::lowerCaseProtocol (46 bytes)
Event: 0.686 Thread 0x0000023e267177b0 nmethod 498 0x0000023e12fc5090 code [0x0000023e12fc52c0, 0x0000023e12fc57b0]
Event: 0.689 Thread 0x0000023e26714aa0  499 %     4       java.lang.StringLatin1::replace @ 13 (198 bytes)
Event: 0.689 Thread 0x0000023e267177b0  500       3       java.lang.StringBuilder::<init> (6 bytes)
Event: 0.689 Thread 0x0000023e267177b0 nmethod 500 0x0000023e12fc5910 code [0x0000023e12fc5ac0, 0x0000023e12fc5bf8]
Event: 0.693 Thread 0x0000023e267177b0  501   !   3       java.lang.ref.ReferenceQueue::poll (40 bytes)
Event: 0.694 Thread 0x0000023e267177b0 nmethod 501 0x0000023e12fc5c90 code [0x0000023e12fc5f00, 0x0000023e12fc6950]
Event: 0.695 Thread 0x0000023e267177b0  502       3       java.util.ArrayList::add (25 bytes)
Event: 0.696 Thread 0x0000023e267177b0 nmethod 502 0x0000023e12fc6d10 code [0x0000023e12fc6ee0, 0x0000023e12fc72c0]
Event: 0.696 Thread 0x0000023e267177b0  503       3       java.util.ArrayList::add (23 bytes)
Event: 0.696 Thread 0x0000023e267177b0 nmethod 503 0x0000023e12fc7490 code [0x0000023e12fc7660, 0x0000023e12fc79d0]
Event: 0.698 Thread 0x0000023e267177b0  504   !   3       sun.net.www.ParseUtil::decode (349 bytes)

GC Heap History (0 events):
No events

Dll operation events (8 events):
Event: 0.022 Loaded shared library c:\Users\JUNAID LAPTOP\.vscode\extensions\redhat.java-1.50.0-win32-x64\jre\21.0.9-win32-x86_64\bin\java.dll
Event: 0.154 Loaded shared library c:\Users\JUNAID LAPTOP\.vscode\extensions\redhat.java-1.50.0-win32-x64\jre\21.0.9-win32-x86_64\bin\zip.dll
Event: 0.221 Loaded shared library C:\Users\JUNAID LAPTOP\.vscode\extensions\redhat.java-1.50.0-win32-x64\jre\21.0.9-win32-x86_64\bin\instrument.dll
Event: 0.232 Loaded shared library C:\Users\JUNAID LAPTOP\.vscode\extensions\redhat.java-1.50.0-win32-x64\jre\21.0.9-win32-x86_64\bin\net.dll
Event: 0.237 Loaded shared library C:\Users\JUNAID LAPTOP\.vscode\extensions\redhat.java-1.50.0-win32-x64\jre\21.0.9-win32-x86_64\bin\nio.dll
Event: 0.244 Loaded shared library C:\Users\JUNAID LAPTOP\.vscode\extensions\redhat.java-1.50.0-win32-x64\jre\21.0.9-win32-x86_64\bin\zip.dll
Event: 0.284 Loaded shared library C:\Users\JUNAID LAPTOP\.vscode\extensions\redhat.java-1.50.0-win32-x64\jre\21.0.9-win32-x86_64\bin\jimage.dll
Event: 0.577 Loaded shared library c:\Users\JUNAID LAPTOP\.vscode\extensions\redhat.java-1.50.0-win32-x64\jre\21.0.9-win32-x86_64\bin\verify.dll

Deoptimization events (14 events):
Event: 0.253 Thread 0x0000023e0da15180 Uncommon trap: trap_request=0xffffffde fr.pc=0x0000023e1a9fe8a4 relative=0x0000000000000784
Event: 0.254 Thread 0x0000023e0da15180 Uncommon trap: reason=class_check action=maybe_recompile pc=0x0000023e1a9fe8a4 method=java.util.HashMap.putVal(ILjava/lang/Object;Ljava/lang/Object;ZZ)Ljava/lang/Object; @ 152 c2
Event: 0.254 Thread 0x0000023e0da15180 DEOPT PACKING pc=0x0000023e1a9fe8a4 sp=0x00000079307fe800
Event: 0.254 Thread 0x0000023e0da15180 DEOPT UNPACKING pc=0x0000023e1a4a3aa2 sp=0x00000079307fe760 mode 2
Event: 0.254 Thread 0x0000023e0da15180 Uncommon trap: trap_request=0xffffffde fr.pc=0x0000023e1a9fe8a4 relative=0x0000000000000784
Event: 0.254 Thread 0x0000023e0da15180 Uncommon trap: reason=class_check action=maybe_recompile pc=0x0000023e1a9fe8a4 method=java.util.HashMap.putVal(ILjava/lang/Object;Ljava/lang/Object;ZZ)Ljava/lang/Object; @ 152 c2
Event: 0.254 Thread 0x0000023e0da15180 DEOPT PACKING pc=0x0000023e1a9fe8a4 sp=0x00000079307fe800
Event: 0.254 Thread 0x0000023e0da15180 DEOPT UNPACKING pc=0x0000023e1a4a3aa2 sp=0x00000079307fe760 mode 2
Event: 0.302 Thread 0x0000023e0da15180 DEOPT PACKING pc=0x0000023e12f56649 sp=0x00000079307fe5e0
Event: 0.302 Thread 0x0000023e0da15180 DEOPT UNPACKING pc=0x0000023e1a4a4242 sp=0x00000079307fda68 mode 0
Event: 0.305 Thread 0x0000023e0da15180 DEOPT PACKING pc=0x0000023e12f56649 sp=0x00000079307fe5e0
Event: 0.305 Thread 0x0000023e0da15180 DEOPT UNPACKING pc=0x0000023e1a4a4242 sp=0x00000079307fda68 mode 0
Event: 0.306 Thread 0x0000023e0da15180 DEOPT PACKING pc=0x0000023e12f56649 sp=0x00000079307fe5e0
Event: 0.306 Thread 0x0000023e0da15180 DEOPT UNPACKING pc=0x0000023e1a4a4242 sp=0x00000079307fda68 mode 0

Classes loaded (20 events):
Event: 0.378 Loading class java/lang/invoke/BoundMethodHandle$Species_LI
Event: 0.378 Loading class java/lang/invoke/BoundMethodHandle$Species_LI done
Event: 0.584 Loading class java/lang/IllegalAccessException
Event: 0.584 Loading class java/lang/IllegalAccessException done
Event: 0.591 Loading class java/lang/IllegalStateException
Event: 0.591 Loading class java/lang/IllegalStateException done
Event: 0.599 Loading class java/lang/UnsupportedOperationException
Event: 0.599 Loading class java/lang/UnsupportedOperationException done
Event: 0.602 Loading class java/lang/instrument/ClassFileTransformer
Event: 0.602 Loading class java/lang/instrument/ClassFileTransformer done
Event: 0.621 Loading class java/lang/instrument/UnmodifiableClassException
Event: 0.621 Loading class java/lang/instrument/UnmodifiableClassException done
Event: 0.621 Loading class java/lang/instrument/ClassDefinition
Event: 0.621 Loading class java/lang/instrument/ClassDefinition done
Event: 0.634 Loading class java/lang/invoke/WrongMethodTypeException
Event: 0.634 Loading class java/lang/invoke/WrongMethodTypeException done
Event: 0.661 Loading class java/util/regex/Pattern$Loop
Event: 0.661 Loading class java/util/regex/Pattern$Loop done
Event: 0.661 Loading class java/util/regex/Pattern$Prolog
Event: 0.661 Loading class java/util/regex/Pattern$Prolog done

Classes unloaded (0 events):
No events

Classes redefined (0 events):
No events

Internal exceptions (11 events):
Event: 0.142 Thread 0x0000023e0da15180 Exception <a 'java/lang/NoSuchMethodError'{0x00000000d57a9090}: 'void java.lang.invoke.DirectMethodHandle$Holder.invokeStatic(java.lang.Object, java.lang.Object, java.lang.Object)'> (0x00000000d57a9090) 
thrown [s\src\hotspot\share\interpreter\linkResolver.cpp, line 773]
Event: 0.269 Thread 0x0000023e0da15180 Exception <a 'java/lang/NoSuchMethodError'{0x00000000d5912a30}: 'java.lang.Object java.lang.invoke.Invokers$Holder.invokeExact_MT(java.lang.Object, java.lang.Object, java.lang.Object, java.lang.Object, java.lang.Object)'> (0x00000000d5912a30) 
thrown [s\src\hotspot\share\interpreter\linkResolver.cpp, line 773]
Event: 0.377 Thread 0x0000023e0da15180 Exception <a 'java/lang/NoSuchMethodError'{0x00000000d59ce500}: 'int java.lang.invoke.DirectMethodHandle$Holder.invokeSpecial(java.lang.Object, java.lang.Object, java.lang.Object, int)'> (0x00000000d59ce500) 
thrown [s\src\hotspot\share\interpreter\linkResolver.cpp, line 773]
Event: 0.383 Thread 0x0000023e0da15180 Exception <a 'java/lang/NoSuchMethodError'{0x00000000d59e0ee8}: 'java.lang.Object java.lang.invoke.DirectMethodHandle$Holder.invokeStatic(java.lang.Object, java.lang.Object, java.lang.Object, java.lang.Object, int)'> (0x00000000d59e0ee8) 
thrown [s\src\hotspot\share\interpreter\linkResolver.cpp, line 773]
Event: 0.386 Thread 0x0000023e0da15180 Exception <a 'java/lang/NoSuchMethodError'{0x00000000d59ec390}: 'void java.lang.invoke.DelegatingMethodHandle$Holder.reinvoke_L(java.lang.Object, java.lang.Object, java.lang.Object, int, java.lang.Object)'> (0x00000000d59ec390) 
thrown [s\src\hotspot\share\interpreter\linkResolver.cpp, line 773]
Event: 0.387 Thread 0x0000023e0da15180 Exception <a 'java/lang/NoSuchMethodError'{0x00000000d59efdc8}: 'int java.lang.invoke.DirectMethodHandle$Holder.invokeSpecial(java.lang.Object, java.lang.Object, java.lang.Object)'> (0x00000000d59efdc8) 
thrown [s\src\hotspot\share\interpreter\linkResolver.cpp, line 773]
Event: 0.397 Thread 0x0000023e0da15180 Exception <a 'java/lang/NoSuchMethodError'{0x00000000d5a08ab8}: 'java.lang.Object java.lang.invoke.DirectMethodHandle$Holder.invokeStatic(java.lang.Object, java.lang.Object, int)'> (0x00000000d5a08ab8) 
thrown [s\src\hotspot\share\interpreter\linkResolver.cpp, line 773]
Event: 0.399 Thread 0x0000023e0da15180 Exception <a 'java/lang/NoSuchMethodError'{0x00000000d5a0d408}: 'void java.lang.invoke.DirectMethodHandle$Holder.invokeStatic(java.lang.Object, java.lang.Object, int, java.lang.Object)'> (0x00000000d5a0d408) 
thrown [s\src\hotspot\share\interpreter\linkResolver.cpp, line 773]
Event: 0.400 Thread 0x0000023e0da15180 Exception <a 'java/lang/NoSuchMethodError'{0x00000000d5a10f98}: 'void java.lang.invoke.DirectMethodHandle$Holder.invokeSpecial(java.lang.Object, java.lang.Object, java.lang.Object, int, java.lang.Object)'> (0x00000000d5a10f98) 
thrown [s\src\hotspot\share\interpreter\linkResolver.cpp, line 773]
Event: 0.401 Thread 0x0000023e0da15180 Exception <a 'java/lang/NoSuchMethodError'{0x00000000d5a14648}: 'void java.lang.invoke.DelegatingMethodHandle$Holder.delegate(java.lang.Object, java.lang.Object, int, java.lang.Object)'> (0x00000000d5a14648) 
thrown [s\src\hotspot\share\interpreter\linkResolver.cpp, line 773]
Event: 0.627 Thread 0x0000023e0da15180 Exception <a 'java/lang/NoSuchMethodError'{0x00000000d5be1430}: 'void java.lang.invoke.DelegatingMethodHandle$Holder.reinvoke_L(java.lang.Object, java.lang.Object, java.lang.Object, int)'> (0x00000000d5be1430) 
thrown [s\src\hotspot\share\interpreter\linkResolver.cpp, line 773]

ZGC Phase Switch (0 events):
No events

VM Operations (4 events):
Event: 0.152 Executing VM operation: HandshakeAllThreads (Deoptimize)
Event: 0.152 Executing VM operation: HandshakeAllThreads (Deoptimize) done
Event: 0.320 Executing VM operation: HandshakeAllThreads (Deoptimize)
Event: 0.320 Executing VM operation: HandshakeAllThreads (Deoptimize) done

Memory protections (0 events):
No events

Nmethod flushes (0 events):
No events

Events (10 events):
Event: 0.049 Thread 0x0000023e0da15180 Thread added: 0x0000023e0da15180
Event: 0.076 Thread 0x0000023e0da15180 Thread added: 0x0000023e266f9460
Event: 0.076 Thread 0x0000023e0da15180 Thread added: 0x0000023e266fa9a0
Event: 0.077 Thread 0x0000023e0da15180 Thread added: 0x0000023e26700260
Event: 0.077 Thread 0x0000023e0da15180 Thread added: 0x0000023e26701cc0
Event: 0.077 Thread 0x0000023e0da15180 Thread added: 0x0000023e26703060
Event: 0.077 Thread 0x0000023e0da15180 Thread added: 0x0000023e267045b0
Event: 0.077 Thread 0x0000023e0da15180 Thread added: 0x0000023e26714aa0
Event: 0.078 Thread 0x0000023e0da15180 Thread added: 0x0000023e267177b0
Event: 0.226 Thread 0x0000023e0da15180 Thread added: 0x0000023e68588a90


Dynamic libraries:
0x00007ff6b1a50000 - 0x00007ff6b1a5e000 	c:\Users\JUNAID LAPTOP\.vscode\extensions\redhat.java-1.50.0-win32-x64\jre\21.0.9-win32-x86_64\bin\java.exe
0x00007ff9be230000 - 0x00007ff9be428000 	C:\Windows\SYSTEM32\ntdll.dll
0x00007ff9bd470000 - 0x00007ff9bd532000 	C:\Windows\System32\KERNEL32.DLL
0x00007ff9bb8c0000 - 0x00007ff9bbbb6000 	C:\Windows\System32\KERNELBASE.dll
0x00007ff9bbeb0000 - 0x00007ff9bbfb0000 	C:\Windows\System32\ucrtbase.dll
0x00007ff992c80000 - 0x00007ff992c9e000 	c:\Users\JUNAID LAPTOP\.vscode\extensions\redhat.java-1.50.0-win32-x64\jre\21.0.9-win32-x86_64\bin\VCRUNTIME140.dll
0x00007ff996c40000 - 0x00007ff996c58000 	c:\Users\JUNAID LAPTOP\.vscode\extensions\redhat.java-1.50.0-win32-x64\jre\21.0.9-win32-x86_64\bin\jli.dll
0x00007ff9bde30000 - 0x00007ff9bdfd1000 	C:\Windows\System32\USER32.dll
0x00007ff9bbe80000 - 0x00007ff9bbea2000 	C:\Windows\System32\win32u.dll
0x00007ff9a09d0000 - 0x00007ff9a0c6b000 	C:\Windows\WinSxS\amd64_microsoft.windows.common-controls_6595b64144ccf1df_6.0.19041.6456_none_60b8a6cb71f64256\COMCTL32.dll
0x00007ff9bd850000 - 0x00007ff9bd87b000 	C:\Windows\System32\GDI32.dll
0x00007ff9bc380000 - 0x00007ff9bc41e000 	C:\Windows\System32\msvcrt.dll
0x00007ff9bbfb0000 - 0x00007ff9bc0c9000 	C:\Windows\System32\gdi32full.dll
0x00007ff9bbc50000 - 0x00007ff9bbced000 	C:\Windows\System32\msvcp_win.dll
0x00007ff9bdfe0000 - 0x00007ff9be00f000 	C:\Windows\System32\IMM32.DLL
0x00007ff9b7630000 - 0x00007ff9b763c000 	c:\Users\JUNAID LAPTOP\.vscode\extensions\redhat.java-1.50.0-win32-x64\jre\21.0.9-win32-x86_64\bin\vcruntime140_1.dll
0x00007ff977e50000 - 0x00007ff977edd000 	c:\Users\JUNAID LAPTOP\.vscode\extensions\redhat.java-1.50.0-win32-x64\jre\21.0.9-win32-x86_64\bin\msvcp140.dll
0x00007ff95dab0000 - 0x00007ff95e850000 	c:\Users\JUNAID LAPTOP\.vscode\extensions\redhat.java-1.50.0-win32-x64\jre\21.0.9-win32-x86_64\bin\server\jvm.dll
0x00007ff9bd540000 - 0x00007ff9bd5f1000 	C:\Windows\System32\ADVAPI32.dll
0x00007ff9bd050000 - 0x00007ff9bd0ef000 	C:\Windows\System32\sechost.dll
0x00007ff9be010000 - 0x00007ff9be130000 	C:\Windows\System32\RPCRT4.dll
0x00007ff9bbe50000 - 0x00007ff9bbe77000 	C:\Windows\System32\bcrypt.dll
0x00007ff9bd7e0000 - 0x00007ff9bd84b000 	C:\Windows\System32\WS2_32.dll
0x00007ff9bae50000 - 0x00007ff9bae9b000 	C:\Windows\SYSTEM32\POWRPROF.dll
0x00007ff9b3730000 - 0x00007ff9b3757000 	C:\Windows\SYSTEM32\WINMM.dll
0x00007ff9b1800000 - 0x00007ff9b180a000 	C:\Windows\SYSTEM32\VERSION.dll
0x00007ff9bacc0000 - 0x00007ff9bacd2000 	C:\Windows\SYSTEM32\UMPDC.dll
0x00007ff9b9730000 - 0x00007ff9b9742000 	C:\Windows\SYSTEM32\kernel.appcore.dll
0x00007ff9b3cb0000 - 0x00007ff9b3cba000 	c:\Users\JUNAID LAPTOP\.vscode\extensions\redhat.java-1.50.0-win32-x64\jre\21.0.9-win32-x86_64\bin\jimage.dll
0x00007ff9b7150000 - 0x00007ff9b7351000 	C:\Windows\SYSTEM32\DBGHELP.DLL
0x00007ff9a7720000 - 0x00007ff9a7754000 	C:\Windows\SYSTEM32\dbgcore.DLL
0x00007ff9bbbc0000 - 0x00007ff9bbc42000 	C:\Windows\System32\bcryptPrimitives.dll
0x00007ff9a9160000 - 0x00007ff9a916f000 	c:\Users\JUNAID LAPTOP\.vscode\extensions\redhat.java-1.50.0-win32-x64\jre\21.0.9-win32-x86_64\bin\instrument.dll
0x00007ff9918c0000 - 0x00007ff9918e0000 	c:\Users\JUNAID LAPTOP\.vscode\extensions\redhat.java-1.50.0-win32-x64\jre\21.0.9-win32-x86_64\bin\java.dll
0x00007ff9bc870000 - 0x00007ff9bcfe0000 	C:\Windows\System32\SHELL32.dll
0x00007ff9b9930000 - 0x00007ff9ba0d5000 	C:\Windows\SYSTEM32\windows.storage.dll
0x00007ff9bd110000 - 0x00007ff9bd464000 	C:\Windows\System32\combase.dll
0x00007ff9bb2f0000 - 0x00007ff9bb31b000 	C:\Windows\SYSTEM32\Wldp.dll
0x00007ff9bc5f0000 - 0x00007ff9bc6bd000 	C:\Windows\System32\OLEAUT32.dll
0x00007ff9bc530000 - 0x00007ff9bc5dd000 	C:\Windows\System32\SHCORE.dll
0x00007ff9bd880000 - 0x00007ff9bd8db000 	C:\Windows\System32\shlwapi.dll
0x00007ff9bb7f0000 - 0x00007ff9bb814000 	C:\Windows\SYSTEM32\profapi.dll
0x00007ff9918a0000 - 0x00007ff9918b8000 	c:\Users\JUNAID LAPTOP\.vscode\extensions\redhat.java-1.50.0-win32-x64\jre\21.0.9-win32-x86_64\bin\zip.dll
0x00007ff9a3fb0000 - 0x00007ff9a3fc0000 	C:\Users\JUNAID LAPTOP\.vscode\extensions\redhat.java-1.50.0-win32-x64\jre\21.0.9-win32-x86_64\bin\net.dll
0x00007ff9b1400000 - 0x00007ff9b150a000 	C:\Windows\SYSTEM32\WINHTTP.dll
0x00007ff9bb050000 - 0x00007ff9bb0ba000 	C:\Windows\system32\mswsock.dll
0x00007ff991500000 - 0x00007ff991516000 	C:\Users\JUNAID LAPTOP\.vscode\extensions\redhat.java-1.50.0-win32-x64\jre\21.0.9-win32-x86_64\bin\nio.dll
0x00007ff9a3e80000 - 0x00007ff9a3e90000 	c:\Users\JUNAID LAPTOP\.vscode\extensions\redhat.java-1.50.0-win32-x64\jre\21.0.9-win32-x86_64\bin\verify.dll

JVMTI agents:
c:\Users\JUNAID LAPTOP\.vscode\extensions\redhat.java-1.50.0-win32-x64\lombok\lombok-1.18.39-4050.jar path:c:\Users\JUNAID LAPTOP\.vscode\extensions\redhat.java-1.50.0-win32-x64\jre\21.0.9-win32-x86_64\bin\instrument.dll, loaded, initialized, instrumentlib options:none

dbghelp: loaded successfully - version: 4.0.5 - missing functions: none
symbol engine: initialized successfully - sym options: 0x614 - pdb path: .;c:\Users\JUNAID LAPTOP\.vscode\extensions\redhat.java-1.50.0-win32-x64\jre\21.0.9-win32-x86_64\bin;C:\Windows\SYSTEM32;C:\Windows\WinSxS\amd64_microsoft.windows.common-controls_6595b64144ccf1df_6.0.19041.6456_none_60b8a6cb71f64256;c:\Users\JUNAID LAPTOP\.vscode\extensions\redhat.java-1.50.0-win32-x64\jre\21.0.9-win32-x86_64\bin\server

VM Arguments:
jvm_args: --add-modules=ALL-SYSTEM --add-opens=java.base/java.util=ALL-UNNAMED --add-opens=java.base/java.lang=ALL-UNNAMED --add-opens=java.base/sun.nio.fs=ALL-UNNAMED -Declipse.application=org.eclipse.jdt.ls.core.id1 -Dosgi.bundles.defaultStartLevel=4 -Declipse.product=org.eclipse.jdt.ls.core.product -Djava.import.generatesMetadataFilesAtProjectRoot=false -DDetectVMInstallationsJob.disabled=true -Dfile.encoding=utf8 -XX:+UseParallelGC -XX:GCTimeRatio=4 -XX:AdaptiveSizePolicyWeight=90 -Dsun.zip.disableMemoryMapping=true -Xmx2G -Xms100m -Xlog:disable -javaagent:c:\Users\JUNAID LAPTOP\.vscode\extensions\redhat.java-1.50.0-win32-x64\lombok\lombok-1.18.39-4050.jar 
java_command: c:\Users\JUNAID LAPTOP\.vscode\extensions\redhat.java-1.50.0-win32-x64\server\plugins\org.eclipse.equinox.launcher_1.7.100.v20251111-0406.jar -configuration c:\Users\JUNAID LAPTOP\AppData\Roaming\Code\User\globalStorage\redhat.java\1.50.0\config_ss_win -data c:\Users\JUNAID LAPTOP\AppData\Roaming\Code\User\workspaceStorage\52e0d409e2861fc0da9159cd0167b7cf\redhat.java\ss_ws --pipe=\\.\pipe\lsp-0ec7e025a322189a94170379e956556c-sock
java_class_path (initial): c:\Users\JUNAID LAPTOP\.vscode\extensions\redhat.java-1.50.0-win32-x64\server\plugins\org.eclipse.equinox.launcher_1.7.100.v20251111-0406.jar
Launcher Type: SUN_STANDARD

[Global flags]
    uintx AdaptiveSizePolicyWeight                 = 90                                        {product} {command line}
     intx CICompilerCount                          = 3                                         {product} {ergonomic}
    uintx GCTimeRatio                              = 4                                         {product} {command line}
   size_t InitialHeapSize                          = 104857600                                 {product} {command line}
   size_t MaxHeapSize                              = 2147483648                                {product} {command line}
   size_t MaxNewSize                               = 715653120                                 {product} {ergonomic}
   size_t MinHeapDeltaBytes                        = 524288                                    {product} {ergonomic}
   size_t MinHeapSize                              = 104857600                                 {product} {command line}
   size_t NewSize                                  = 34603008                                  {product} {ergonomic}
    uintx NonNMethodCodeHeapSize                   = 5832780                                {pd product} {ergonomic}
    uintx NonProfiledCodeHeapSize                  = 122912730                              {pd product} {ergonomic}
   size_t OldSize                                  = 70254592                                  {product} {ergonomic}
    uintx ProfiledCodeHeapSize                     = 122912730                              {pd product} {ergonomic}
    uintx ReservedCodeCacheSize                    = 251658240                              {pd product} {ergonomic}
     bool SegmentedCodeCache                       = true                                      {product} {ergonomic}
   size_t SoftMaxHeapSize                          = 2147483648                             {manageable} {ergonomic}
     bool UseCompressedOops                        = true                           {product lp64_product} {ergonomic}
     bool UseLargePagesIndividualAllocation        = false                                  {pd product} {ergonomic}
     bool UseParallelGC                            = true                                      {product} {command line}

Logging:
Log output configuration:
 #0: stdout all=off uptime,level,tags foldmultilines=false
 #1: stderr all=off uptime,level,tags foldmultilines=false

Release file:
<release file has not been read>
Environment Variables:
PATH=C:\Program Files (x86)\Common Files\Oracle\Java\javapath;C:\Windows\system32;C:\Windows;C:\Windows\System32\Wbem;C:\Windows\System32\WindowsPowerShell\v1.0\;C:\Windows\System32\OpenSSH\;C:\mingw32\bin;C:\Program Files\Microsoft\Web Platform Installer\;C:\Program Files (x86)\Microsoft ASP.NET\ASP.NET Web Pages\v1.0\;C:\Program Files (x86)\Windows Kits\8.0\Windows Performance Toolkit\;C:\Program Files\Microsoft SQL Server\110\Tools\Binn\;C:\Program Files\Git\cmd;C:\Users\JUNAID LAPTOP\AppData\Local\Programs\Python\Python310\Scripts\;C:\Users\JUNAID LAPTOP\AppData\Local\Programs\Python\Python310\;C:\Users\JUNAID LAPTOP\AppData\Local\Microsoft\WindowsApps;C:\Users\JUNAID LAPTOP\AppData\Local\Programs\Microsoft VS Code\bin;C:\Users\JUNAID LAPTOP\AppData\Local\GitHubDesktop\bin;C:\ProgramData\JUNAID LAPTOP\GitHubDesktop\bin
USERNAME=JUNAID LAPTOP
OS=Windows_NT
PROCESSOR_IDENTIFIER=Intel64 Family 6 Model 61 Stepping 4, GenuineIntel
TMP=C:\Users\JUNAID~1\AppData\Local\Temp
TEMP=C:\Users\JUNAID~1\AppData\Local\Temp




Periodic native trim disabled

---------------  S Y S T E M  ---------------

OS:
 Windows 10 , 64 bit Build 19041 (10.0.19041.5915)
OS uptime: 3 days 20:18 hours

CPU: total 4 (initial active 4) (2 cores per cpu, 2 threads per core) family 6 model 61 stepping 4 microcode 0x2d, cx8, cmov, fxsr, ht, mmx, 3dnowpref, sse, sse2, sse3, ssse3, sse4.1, sse4.2, popcnt, lzcnt, tsc, tscinvbit, avx, avx2, aes, erms, clmul, bmi1, bmi2, adx, fma, vzeroupper, clflush, rdtscp, f16c
Processor Information for the first 4 processors :
  Max Mhz: 1995, Current Mhz: 1995, Mhz Limit: 1995

Memory: 4k page, system-wide physical 7812M (2578M free)
TotalPageFile size 12665M (AvailPageFile size 3M)
current process WorkingSet (physical memory assigned to process): 44M, peak: 44M
current process commit charge ("private bytes"): 211M, peak: 211M

vm_info: OpenJDK 64-Bit Server VM (21.0.9+10-LTS) for windows-amd64 JRE (21.0.9+10-LTS), built on 2025-10-21T00:00:00Z by "admin" with unknown MS VC++:1942

END.
